{"/home/akilan/Desktop/employee/react-frontend/src/App.js": {"path":"/home/akilan/Desktop/employee/react-frontend/src/App.js","statementMap":{"0":{"start":{"line":12,"column":4},"end":{"line":23,"column":6}}},"fnMap":{"0":{"name":"(anonymous_0)","decl":{"start":{"line":11,"column":2},"end":{"line":11,"column":3}},"loc":{"start":{"line":11,"column":11},"end":{"line":24,"column":3}},"line":11}},"branchMap":{},"s":{"0":2},"f":{"0":2},"b":{},"_coverageSchema":"332fd63041d2c1bcb487cc26dd0d5f7d97098a6c","hash":"32b74231b6ae07b8b06b4ef48fe0ef7811144ecb"}
,"/home/akilan/Desktop/employee/react-frontend/src/index.js": {"path":"/home/akilan/Desktop/employee/react-frontend/src/index.js","statementMap":{"0":{"start":{"line":1,"column":32},"end":{"line":1,"column":91}},"1":{"start":{"line":1,"column":105},"end":{"line":1,"column":121}},"2":{"start":{"line":1,"column":136},"end":{"line":1,"column":166}},"3":{"start":{"line":2,"column":16},"end":{"line":2,"column":36}},"4":{"start":{"line":2,"column":54},"end":{"line":2,"column":87}},"5":{"start":{"line":3,"column":0},"end":{"line":3,"column":23}},"6":{"start":{"line":4,"column":11},"end":{"line":4,"column":27}},"7":{"start":{"line":4,"column":40},"end":{"line":4,"column":68}},"8":{"start":{"line":5,"column":29},"end":{"line":5,"column":63}},"9":{"start":{"line":5,"column":94},"end":{"line":5,"column":140}},"10":{"start":{"line":5,"column":179},"end":{"line":5,"column":233}},"11":{"start":{"line":7,"column":0},"end":{"line":7,"column":181}},"12":{"start":{"line":8,"column":0},"end":{"line":8,"column":39}}},"fnMap":{"0":{"name":"_interopRequireDefault","decl":{"start":{"line":5,"column":150},"end":{"line":5,"column":172}},"loc":{"start":{"line":5,"column":178},"end":{"line":5,"column":234}},"line":5}},"branchMap":{"0":{"loc":{"start":{"line":5,"column":186},"end":{"line":5,"column":232}},"type":"cond-expr","locations":[{"start":{"line":5,"column":210},"end":{"line":5,"column":213}},{"start":{"line":5,"column":216},"end":{"line":5,"column":232}}],"line":5},"1":{"loc":{"start":{"line":5,"column":186},"end":{"line":5,"column":207}},"type":"binary-expr","locations":[{"start":{"line":5,"column":186},"end":{"line":5,"column":189}},{"start":{"line":5,"column":193},"end":{"line":5,"column":207}}],"line":5}},"s":{"0":0,"1":0,"2":0,"3":0,"4":0,"5":0,"6":0,"7":0,"8":0,"9":0,"10":0,"11":0,"12":0},"f":{"0":0},"b":{"0":[0,0],"1":[0,0]}}
,"/home/akilan/Desktop/employee/react-frontend/src/registerServiceWorker.js": {"path":"/home/akilan/Desktop/employee/react-frontend/src/registerServiceWorker.js","statementMap":{"0":{"start":{"line":1,"column":13},"end":{"line":1,"column":75}},"1":{"start":{"line":1,"column":75},"end":{"line":21,"column":9}},"2":{"start":{"line":21,"column":9},"end":{"line":111,"column":24}},"3":{"start":{"line":118,"column":20},"end":{"line":120,"column":89}},"4":{"start":{"line":120,"column":111},"end":{"line":128,"column":36}},"5":{"start":{"line":121,"column":22},"end":{"line":121,"column":70}},"6":{"start":{"line":121,"column":71},"end":{"line":124,"column":14}},"7":{"start":{"line":124,"column":6},"end":{"line":124,"column":13}},"8":{"start":{"line":124,"column":14},"end":{"line":128,"column":35}},"9":{"start":{"line":124,"column":67},"end":{"line":124,"column":112}},"10":{"start":{"line":124,"column":113},"end":{"line":128,"column":32}},"11":{"start":{"line":125,"column":8},"end":{"line":125,"column":39}},"12":{"start":{"line":127,"column":8},"end":{"line":127,"column":178}},"13":{"start":{"line":127,"column":50},"end":{"line":127,"column":175}},"14":{"start":{"line":128,"column":8},"end":{"line":128,"column":31}},"15":{"start":{"line":128,"column":70},"end":{"line":135,"column":156}},"16":{"start":{"line":128,"column":132},"end":{"line":135,"column":68}},"17":{"start":{"line":128,"column":193},"end":{"line":128,"column":216}},"18":{"start":{"line":128,"column":217},"end":{"line":135,"column":66}},"19":{"start":{"line":128,"column":257},"end":{"line":135,"column":64}},"20":{"start":{"line":128,"column":302},"end":{"line":135,"column":63}},"21":{"start":{"line":132,"column":12},"end":{"line":132,"column":69}},"22":{"start":{"line":135,"column":12},"end":{"line":135,"column":62}},"23":{"start":{"line":135,"column":87},"end":{"line":135,"column":153}},"24":{"start":{"line":136,"column":2},"end":{"line":139,"column":126}},"25":{"start":{"line":137,"column":4},"end":{"line":139,"column":30}},"26":{"start":{"line":138,"column":6},"end":{"line":138,"column":127}},"27":{"start":{"line":138,"column":58},"end":{"line":138,"column":124}},"28":{"start":{"line":138,"column":96},"end":{"line":138,"column":121}},"29":{"start":{"line":139,"column":6},"end":{"line":139,"column":29}},"30":{"start":{"line":139,"column":46},"end":{"line":139,"column":123}},"31":{"start":{"line":139,"column":150},"end":{"line":139,"column":267}},"32":{"start":{"line":139,"column":185},"end":{"line":139,"column":266}},"33":{"start":{"line":139,"column":237},"end":{"line":139,"column":263}}},"fnMap":{"0":{"name":"register","decl":{"start":{"line":120,"column":99},"end":{"line":120,"column":107}},"loc":{"start":{"line":120,"column":110},"end":{"line":128,"column":37}},"line":120},"1":{"name":"(anonymous_1)","decl":{"start":{"line":124,"column":46},"end":{"line":124,"column":47}},"loc":{"start":{"line":124,"column":52},"end":{"line":128,"column":33}},"line":124},"2":{"name":"(anonymous_2)","decl":{"start":{"line":127,"column":43},"end":{"line":127,"column":44}},"loc":{"start":{"line":127,"column":49},"end":{"line":127,"column":176}},"line":127},"3":{"name":"registerValidSW","decl":{"start":{"line":128,"column":46},"end":{"line":128,"column":61}},"loc":{"start":{"line":128,"column":69},"end":{"line":135,"column":157}},"line":128},"4":{"name":"(anonymous_4)","decl":{"start":{"line":128,"column":115},"end":{"line":128,"column":116}},"loc":{"start":{"line":128,"column":131},"end":{"line":135,"column":69}},"line":128},"5":{"name":"(anonymous_5)","decl":{"start":{"line":128,"column":161},"end":{"line":128,"column":162}},"loc":{"start":{"line":128,"column":167},"end":{"line":135,"column":67}},"line":128},"6":{"name":"(anonymous_6)","decl":{"start":{"line":128,"column":250},"end":{"line":128,"column":251}},"loc":{"start":{"line":128,"column":256},"end":{"line":135,"column":65}},"line":128},"7":{"name":"(anonymous_7)","decl":{"start":{"line":135,"column":77},"end":{"line":135,"column":78}},"loc":{"start":{"line":135,"column":86},"end":{"line":135,"column":154}},"line":135},"8":{"name":"checkValidServiceWorker","decl":{"start":{"line":135,"column":166},"end":{"line":135,"column":189}},"loc":{"start":{"line":135,"column":197},"end":{"line":139,"column":127}},"line":135},"9":{"name":"(anonymous_9)","decl":{"start":{"line":136,"column":20},"end":{"line":136,"column":21}},"loc":{"start":{"line":136,"column":32},"end":{"line":139,"column":31}},"line":136},"10":{"name":"(anonymous_10)","decl":{"start":{"line":138,"column":41},"end":{"line":138,"column":42}},"loc":{"start":{"line":138,"column":57},"end":{"line":138,"column":125}},"line":138},"11":{"name":"(anonymous_11)","decl":{"start":{"line":138,"column":89},"end":{"line":138,"column":90}},"loc":{"start":{"line":138,"column":95},"end":{"line":138,"column":122}},"line":138},"12":{"name":"(anonymous_12)","decl":{"start":{"line":139,"column":39},"end":{"line":139,"column":40}},"loc":{"start":{"line":139,"column":45},"end":{"line":139,"column":124}},"line":139},"13":{"name":"unregister","decl":{"start":{"line":139,"column":136},"end":{"line":139,"column":146}},"loc":{"start":{"line":139,"column":149},"end":{"line":139,"column":268}},"line":139},"14":{"name":"(anonymous_14)","decl":{"start":{"line":139,"column":220},"end":{"line":139,"column":221}},"loc":{"start":{"line":139,"column":236},"end":{"line":139,"column":264}},"line":139}},"branchMap":{"0":{"loc":{"start":{"line":118,"column":28},"end":{"line":120,"column":88}},"type":"binary-expr","locations":[{"start":{"line":118,"column":28},"end":{"line":118,"column":68}},{"start":{"line":119,"column":0},"end":{"line":119,"column":36}},{"start":{"line":120,"column":0},"end":{"line":120,"column":88}}],"line":118},"1":{"loc":{"start":{"line":120,"column":111},"end":{"line":128,"column":36}},"type":"if","locations":[{"start":{"line":120,"column":111},"end":{"line":128,"column":36}},{"start":{"line":120,"column":111},"end":{"line":128,"column":36}}],"line":120},"2":{"loc":{"start":{"line":120,"column":115},"end":{"line":120,"column":184}},"type":"binary-expr","locations":[{"start":{"line":120,"column":115},"end":{"line":120,"column":152}},{"start":{"line":120,"column":156},"end":{"line":120,"column":184}}],"line":120},"3":{"loc":{"start":{"line":121,"column":71},"end":{"line":124,"column":14}},"type":"if","locations":[{"start":{"line":121,"column":71},"end":{"line":124,"column":14}},{"start":{"line":121,"column":71},"end":{"line":124,"column":14}}],"line":121},"4":{"loc":{"start":{"line":124,"column":113},"end":{"line":128,"column":32}},"type":"if","locations":[{"start":{"line":124,"column":113},"end":{"line":128,"column":32}},{"start":{"line":124,"column":113},"end":{"line":128,"column":32}}],"line":124},"5":{"loc":{"start":{"line":128,"column":257},"end":{"line":135,"column":64}},"type":"if","locations":[{"start":{"line":128,"column":257},"end":{"line":135,"column":64}},{"start":{"line":128,"column":257},"end":{"line":135,"column":64}}],"line":128},"6":{"loc":{"start":{"line":128,"column":302},"end":{"line":135,"column":63}},"type":"if","locations":[{"start":{"line":128,"column":302},"end":{"line":135,"column":63}},{"start":{"line":128,"column":302},"end":{"line":135,"column":63}}],"line":128},"7":{"loc":{"start":{"line":137,"column":4},"end":{"line":139,"column":30}},"type":"if","locations":[{"start":{"line":137,"column":4},"end":{"line":139,"column":30}},{"start":{"line":137,"column":4},"end":{"line":139,"column":30}}],"line":137},"8":{"loc":{"start":{"line":137,"column":8},"end":{"line":137,"column":100}},"type":"binary-expr","locations":[{"start":{"line":137,"column":8},"end":{"line":137,"column":31}},{"start":{"line":137,"column":35},"end":{"line":137,"column":100}}],"line":137},"9":{"loc":{"start":{"line":139,"column":150},"end":{"line":139,"column":267}},"type":"if","locations":[{"start":{"line":139,"column":150},"end":{"line":139,"column":267}},{"start":{"line":139,"column":150},"end":{"line":139,"column":267}}],"line":139}},"s":{"0":0,"1":0,"2":0,"3":0,"4":0,"5":0,"6":0,"7":0,"8":0,"9":0,"10":0,"11":0,"12":0,"13":0,"14":0,"15":0,"16":0,"17":0,"18":0,"19":0,"20":0,"21":0,"22":0,"23":0,"24":0,"25":0,"26":0,"27":0,"28":0,"29":0,"30":0,"31":0,"32":0,"33":0},"f":{"0":0,"1":0,"2":0,"3":0,"4":0,"5":0,"6":0,"7":0,"8":0,"9":0,"10":0,"11":0,"12":0,"13":0,"14":0},"b":{"0":[0,0,0],"1":[0,0],"2":[0,0],"3":[0,0],"4":[0,0],"5":[0,0],"6":[0,0],"7":[0,0],"8":[0,0],"9":[0,0]}}
,"/home/akilan/Desktop/employee/react-frontend/src/setupTests.js": {"path":"/home/akilan/Desktop/employee/react-frontend/src/setupTests.js","statementMap":{"0":{"start":{"line":5,"column":19},"end":{"line":5,"column":73}},"1":{"start":{"line":8,"column":0},"end":{"line":8,"column":38}},"2":{"start":{"line":21,"column":6},"end":{"line":21,"column":21}},"3":{"start":{"line":25,"column":6},"end":{"line":25,"column":21}},"4":{"start":{"line":29,"column":6},"end":{"line":29,"column":36}},"5":{"start":{"line":33,"column":6},"end":{"line":33,"column":29}},"6":{"start":{"line":37,"column":6},"end":{"line":37,"column":28}},"7":{"start":{"line":41,"column":0},"end":{"line":41,"column":42}},"8":{"start":{"line":50,"column":0},"end":{"line":50,"column":34}},"9":{"start":{"line":51,"column":0},"end":{"line":51,"column":23}},"10":{"start":{"line":52,"column":0},"end":{"line":52,"column":40}},"11":{"start":{"line":52,"column":35},"end":{"line":52,"column":39}}},"fnMap":{"0":{"name":"(anonymous_0)","decl":{"start":{"line":20,"column":4},"end":{"line":20,"column":5}},"loc":{"start":{"line":20,"column":18},"end":{"line":22,"column":5}},"line":20},"1":{"name":"(anonymous_1)","decl":{"start":{"line":24,"column":4},"end":{"line":24,"column":5}},"loc":{"start":{"line":24,"column":12},"end":{"line":26,"column":5}},"line":24},"2":{"name":"(anonymous_2)","decl":{"start":{"line":28,"column":4},"end":{"line":28,"column":5}},"loc":{"start":{"line":28,"column":17},"end":{"line":30,"column":5}},"line":28},"3":{"name":"(anonymous_3)","decl":{"start":{"line":32,"column":4},"end":{"line":32,"column":5}},"loc":{"start":{"line":32,"column":24},"end":{"line":34,"column":5}},"line":32},"4":{"name":"(anonymous_4)","decl":{"start":{"line":36,"column":4},"end":{"line":36,"column":5}},"loc":{"start":{"line":36,"column":20},"end":{"line":38,"column":5}},"line":36},"5":{"name":"(anonymous_5)","decl":{"start":{"line":52,"column":29},"end":{"line":52,"column":30}},"loc":{"start":{"line":52,"column":35},"end":{"line":52,"column":39}},"line":52}},"branchMap":{"0":{"loc":{"start":{"line":29,"column":13},"end":{"line":29,"column":36}},"type":"binary-expr","locations":[{"start":{"line":29,"column":13},"end":{"line":29,"column":28}},{"start":{"line":29,"column":32},"end":{"line":29,"column":36}}],"line":29}},"s":{"0":3,"1":3,"2":3,"3":0,"4":3,"5":0,"6":0,"7":3,"8":3,"9":3,"10":3,"11":3},"f":{"0":3,"1":0,"2":3,"3":0,"4":0,"5":3},"b":{"0":[3,3]},"_coverageSchema":"332fd63041d2c1bcb487cc26dd0d5f7d97098a6c","hash":"a697683fc1b9c9a420508f8ddd5322ecfabab669"}
,"/home/akilan/Desktop/employee/react-frontend/src/components/addEmployee/index.js": {"path":"/home/akilan/Desktop/employee/react-frontend/src/components/addEmployee/index.js","statementMap":{"0":{"start":{"line":9,"column":8},"end":{"line":9,"column":21}},"1":{"start":{"line":10,"column":8},"end":{"line":10,"column":67}},"2":{"start":{"line":11,"column":8},"end":{"line":14,"column":10}},"3":{"start":{"line":19,"column":8},"end":{"line":23,"column":9}},"4":{"start":{"line":20,"column":12},"end":{"line":22,"column":15}},"5":{"start":{"line":24,"column":8},"end":{"line":24,"column":30}},"6":{"start":{"line":29,"column":8},"end":{"line":29,"column":27}},"7":{"start":{"line":31,"column":21},"end":{"line":31,"column":43}},"8":{"start":{"line":32,"column":23},"end":{"line":32,"column":47}},"9":{"start":{"line":33,"column":27},"end":{"line":33,"column":55}},"10":{"start":{"line":34,"column":23},"end":{"line":34,"column":47}},"11":{"start":{"line":35,"column":24},"end":{"line":35,"column":49}},"12":{"start":{"line":36,"column":22},"end":{"line":36,"column":45}},"13":{"start":{"line":38,"column":23},"end":{"line":45,"column":9}},"14":{"start":{"line":47,"column":8},"end":{"line":68,"column":14}},"15":{"start":{"line":56,"column":32},"end":{"line":56,"column":47}},"16":{"start":{"line":58,"column":16},"end":{"line":58,"column":33}},"17":{"start":{"line":59,"column":16},"end":{"line":67,"column":17}},"18":{"start":{"line":60,"column":20},"end":{"line":60,"column":42}},"19":{"start":{"line":61,"column":20},"end":{"line":63,"column":23}},"20":{"start":{"line":65,"column":20},"end":{"line":65,"column":43}},"21":{"start":{"line":66,"column":20},"end":{"line":66,"column":58}},"22":{"start":{"line":76,"column":8},"end":{"line":78,"column":9}},"23":{"start":{"line":77,"column":12},"end":{"line":77,"column":39}},"24":{"start":{"line":80,"column":8},"end":{"line":146,"column":9}}},"fnMap":{"0":{"name":"(anonymous_0)","decl":{"start":{"line":8,"column":4},"end":{"line":8,"column":5}},"loc":{"start":{"line":8,"column":23},"end":{"line":15,"column":5}},"line":8},"1":{"name":"(anonymous_1)","decl":{"start":{"line":17,"column":4},"end":{"line":17,"column":5}},"loc":{"start":{"line":17,"column":25},"end":{"line":26,"column":5}},"line":17},"2":{"name":"(anonymous_2)","decl":{"start":{"line":28,"column":4},"end":{"line":28,"column":5}},"loc":{"start":{"line":28,"column":24},"end":{"line":69,"column":5}},"line":28},"3":{"name":"(anonymous_3)","decl":{"start":{"line":56,"column":18},"end":{"line":56,"column":19}},"loc":{"start":{"line":56,"column":32},"end":{"line":56,"column":47}},"line":56},"4":{"name":"(anonymous_4)","decl":{"start":{"line":57,"column":18},"end":{"line":57,"column":19}},"loc":{"start":{"line":57,"column":28},"end":{"line":68,"column":13}},"line":57},"5":{"name":"(anonymous_5)","decl":{"start":{"line":74,"column":4},"end":{"line":74,"column":5}},"loc":{"start":{"line":74,"column":13},"end":{"line":147,"column":5}},"line":74}},"branchMap":{"0":{"loc":{"start":{"line":19,"column":8},"end":{"line":23,"column":9}},"type":"if","locations":[{"start":{"line":19,"column":8},"end":{"line":23,"column":9}},{"start":{"line":19,"column":8},"end":{"line":23,"column":9}}],"line":19},"1":{"loc":{"start":{"line":59,"column":16},"end":{"line":67,"column":17}},"type":"if","locations":[{"start":{"line":59,"column":16},"end":{"line":67,"column":17}},{"start":{"line":59,"column":16},"end":{"line":67,"column":17}}],"line":59},"2":{"loc":{"start":{"line":76,"column":8},"end":{"line":78,"column":9}},"type":"if","locations":[{"start":{"line":76,"column":8},"end":{"line":78,"column":9}},{"start":{"line":76,"column":8},"end":{"line":78,"column":9}}],"line":76},"3":{"loc":{"start":{"line":93,"column":33},"end":{"line":96,"column":47}},"type":"cond-expr","locations":[{"start":{"line":94,"column":36},"end":{"line":96,"column":42}},{"start":{"line":96,"column":45},"end":{"line":96,"column":47}}],"line":93}},"s":{"0":0,"1":0,"2":0,"3":0,"4":0,"5":0,"6":0,"7":0,"8":0,"9":0,"10":0,"11":0,"12":0,"13":0,"14":0,"15":0,"16":0,"17":0,"18":0,"19":0,"20":0,"21":0,"22":0,"23":0,"24":0},"f":{"0":0,"1":0,"2":0,"3":0,"4":0,"5":0},"b":{"0":[0,0],"1":[0,0],"2":[0,0],"3":[0,0]},"_coverageSchema":"332fd63041d2c1bcb487cc26dd0d5f7d97098a6c","hash":"0eb9b3467d910b30a4facbfde226693d73a8101a"}
,"/home/akilan/Desktop/employee/react-frontend/src/components/auth/index.js": {"path":"/home/akilan/Desktop/employee/react-frontend/src/components/auth/index.js","statementMap":{"0":{"start":{"line":4,"column":25},"end":{"line":4,"column":71}},"1":{"start":{"line":5,"column":8},"end":{"line":9,"column":9}},"2":{"start":{"line":6,"column":12},"end":{"line":6,"column":25}},"3":{"start":{"line":8,"column":12},"end":{"line":8,"column":24}},"4":{"start":{"line":14,"column":25},"end":{"line":14,"column":71}},"5":{"start":{"line":15,"column":8},"end":{"line":19,"column":11}},"6":{"start":{"line":16,"column":12},"end":{"line":16,"column":25}},"7":{"start":{"line":18,"column":12},"end":{"line":18,"column":36}},"8":{"start":{"line":23,"column":0},"end":{"line":23,"column":21}}},"fnMap":{"0":{"name":"(anonymous_0)","decl":{"start":{"line":3,"column":29},"end":{"line":3,"column":30}},"loc":{"start":{"line":3,"column":35},"end":{"line":10,"column":5}},"line":3},"1":{"name":"(anonymous_1)","decl":{"start":{"line":13,"column":22},"end":{"line":13,"column":23}},"loc":{"start":{"line":13,"column":28},"end":{"line":20,"column":5}},"line":13}},"branchMap":{"0":{"loc":{"start":{"line":5,"column":8},"end":{"line":9,"column":9}},"type":"if","locations":[{"start":{"line":5,"column":8},"end":{"line":9,"column":9}},{"start":{"line":5,"column":8},"end":{"line":9,"column":9}}],"line":5},"1":{"loc":{"start":{"line":15,"column":8},"end":{"line":19,"column":11}},"type":"if","locations":[{"start":{"line":15,"column":8},"end":{"line":19,"column":11}},{"start":{"line":15,"column":8},"end":{"line":19,"column":11}}],"line":15}},"s":{"0":2,"1":0,"2":0,"3":0,"4":0,"5":0,"6":0,"7":0,"8":2},"f":{"0":2,"1":0},"b":{"0":[0,0],"1":[0,0]},"_coverageSchema":"332fd63041d2c1bcb487cc26dd0d5f7d97098a6c","hash":"140196951b8c3b29e7e5cc2eb5e56f20e8dfa9e1"}
,"/home/akilan/Desktop/employee/react-frontend/src/components/dashboard/index.js": {"path":"/home/akilan/Desktop/employee/react-frontend/src/components/dashboard/index.js","statementMap":{"0":{"start":{"line":32,"column":4},"end":{"line":32,"column":17}},"1":{"start":{"line":33,"column":4},"end":{"line":37,"column":6}},"2":{"start":{"line":42,"column":4},"end":{"line":46,"column":5}},"3":{"start":{"line":43,"column":6},"end":{"line":45,"column":9}},"4":{"start":{"line":47,"column":4},"end":{"line":47,"column":26}},"5":{"start":{"line":52,"column":4},"end":{"line":52,"column":24}},"6":{"start":{"line":57,"column":16},"end":{"line":57,"column":64}},"7":{"start":{"line":60,"column":6},"end":{"line":87,"column":43}},"8":{"start":{"line":69,"column":10},"end":{"line":77,"column":11}},"9":{"start":{"line":70,"column":12},"end":{"line":70,"column":49}},"10":{"start":{"line":71,"column":12},"end":{"line":73,"column":15}},"11":{"start":{"line":74,"column":12},"end":{"line":74,"column":41}},"12":{"start":{"line":76,"column":12},"end":{"line":76,"column":35}},"13":{"start":{"line":80,"column":10},"end":{"line":86,"column":11}},"14":{"start":{"line":81,"column":12},"end":{"line":83,"column":14}},"15":{"start":{"line":85,"column":12},"end":{"line":85,"column":32}},"16":{"start":{"line":87,"column":26},"end":{"line":87,"column":42}},"17":{"start":{"line":91,"column":4},"end":{"line":116,"column":41}},"18":{"start":{"line":100,"column":8},"end":{"line":108,"column":9}},"19":{"start":{"line":101,"column":10},"end":{"line":101,"column":47}},"20":{"start":{"line":102,"column":10},"end":{"line":104,"column":13}},"21":{"start":{"line":105,"column":10},"end":{"line":105,"column":39}},"22":{"start":{"line":107,"column":10},"end":{"line":107,"column":33}},"23":{"start":{"line":111,"column":8},"end":{"line":111,"column":36}},"24":{"start":{"line":112,"column":8},"end":{"line":115,"column":11}},"25":{"start":{"line":116,"column":24},"end":{"line":116,"column":40}},"26":{"start":{"line":122,"column":4},"end":{"line":124,"column":5}},"27":{"start":{"line":123,"column":6},"end":{"line":123,"column":33}},"28":{"start":{"line":126,"column":4},"end":{"line":167,"column":5}},"29":{"start":{"line":152,"column":14},"end":{"line":161,"column":19}},"30":{"start":{"line":159,"column":81},"end":{"line":159,"column":104}}},"fnMap":{"0":{"name":"(anonymous_0)","decl":{"start":{"line":31,"column":2},"end":{"line":31,"column":3}},"loc":{"start":{"line":31,"column":21},"end":{"line":38,"column":3}},"line":31},"1":{"name":"(anonymous_1)","decl":{"start":{"line":40,"column":2},"end":{"line":40,"column":3}},"loc":{"start":{"line":40,"column":23},"end":{"line":49,"column":3}},"line":40},"2":{"name":"(anonymous_2)","decl":{"start":{"line":51,"column":2},"end":{"line":51,"column":3}},"loc":{"start":{"line":51,"column":22},"end":{"line":53,"column":3}},"line":51},"3":{"name":"(anonymous_3)","decl":{"start":{"line":55,"column":2},"end":{"line":55,"column":3}},"loc":{"start":{"line":55,"column":15},"end":{"line":88,"column":3}},"line":55},"4":{"name":"(anonymous_4)","decl":{"start":{"line":68,"column":14},"end":{"line":68,"column":15}},"loc":{"start":{"line":68,"column":28},"end":{"line":78,"column":9}},"line":68},"5":{"name":"(anonymous_5)","decl":{"start":{"line":79,"column":14},"end":{"line":79,"column":15}},"loc":{"start":{"line":79,"column":24},"end":{"line":87,"column":9}},"line":79},"6":{"name":"(anonymous_6)","decl":{"start":{"line":87,"column":17},"end":{"line":87,"column":18}},"loc":{"start":{"line":87,"column":26},"end":{"line":87,"column":42}},"line":87},"7":{"name":"(anonymous_7)","decl":{"start":{"line":90,"column":2},"end":{"line":90,"column":3}},"loc":{"start":{"line":90,"column":17},"end":{"line":117,"column":3}},"line":90},"8":{"name":"(anonymous_8)","decl":{"start":{"line":99,"column":12},"end":{"line":99,"column":13}},"loc":{"start":{"line":99,"column":26},"end":{"line":109,"column":7}},"line":99},"9":{"name":"(anonymous_9)","decl":{"start":{"line":110,"column":12},"end":{"line":110,"column":13}},"loc":{"start":{"line":110,"column":22},"end":{"line":116,"column":7}},"line":110},"10":{"name":"(anonymous_10)","decl":{"start":{"line":116,"column":15},"end":{"line":116,"column":16}},"loc":{"start":{"line":116,"column":24},"end":{"line":116,"column":40}},"line":116},"11":{"name":"(anonymous_11)","decl":{"start":{"line":120,"column":2},"end":{"line":120,"column":3}},"loc":{"start":{"line":120,"column":11},"end":{"line":168,"column":3}},"line":120},"12":{"name":"(anonymous_12)","decl":{"start":{"line":151,"column":38},"end":{"line":151,"column":39}},"loc":{"start":{"line":152,"column":14},"end":{"line":161,"column":19}},"line":152},"13":{"name":"(anonymous_13)","decl":{"start":{"line":159,"column":76},"end":{"line":159,"column":77}},"loc":{"start":{"line":159,"column":81},"end":{"line":159,"column":104}},"line":159}},"branchMap":{"0":{"loc":{"start":{"line":42,"column":4},"end":{"line":46,"column":5}},"type":"if","locations":[{"start":{"line":42,"column":4},"end":{"line":46,"column":5}},{"start":{"line":42,"column":4},"end":{"line":46,"column":5}}],"line":42},"1":{"loc":{"start":{"line":69,"column":10},"end":{"line":77,"column":11}},"type":"if","locations":[{"start":{"line":69,"column":10},"end":{"line":77,"column":11}},{"start":{"line":69,"column":10},"end":{"line":77,"column":11}}],"line":69},"2":{"loc":{"start":{"line":80,"column":10},"end":{"line":86,"column":11}},"type":"if","locations":[{"start":{"line":80,"column":10},"end":{"line":86,"column":11}},{"start":{"line":80,"column":10},"end":{"line":86,"column":11}}],"line":80},"3":{"loc":{"start":{"line":100,"column":8},"end":{"line":108,"column":9}},"type":"if","locations":[{"start":{"line":100,"column":8},"end":{"line":108,"column":9}},{"start":{"line":100,"column":8},"end":{"line":108,"column":9}}],"line":100},"4":{"loc":{"start":{"line":122,"column":4},"end":{"line":124,"column":5}},"type":"if","locations":[{"start":{"line":122,"column":4},"end":{"line":124,"column":5}},{"start":{"line":122,"column":4},"end":{"line":124,"column":5}}],"line":122},"5":{"loc":{"start":{"line":133,"column":9},"end":{"line":136,"column":21}},"type":"cond-expr","locations":[{"start":{"line":134,"column":10},"end":{"line":136,"column":16}},{"start":{"line":136,"column":19},"end":{"line":136,"column":21}}],"line":133}},"s":{"0":2,"1":2,"2":2,"3":0,"4":0,"5":0,"6":0,"7":0,"8":0,"9":0,"10":0,"11":0,"12":0,"13":0,"14":0,"15":0,"16":0,"17":0,"18":0,"19":0,"20":0,"21":0,"22":0,"23":0,"24":0,"25":0,"26":0,"27":0,"28":0,"29":0,"30":0},"f":{"0":2,"1":2,"2":0,"3":0,"4":0,"5":0,"6":0,"7":0,"8":0,"9":0,"10":0,"11":0,"12":0,"13":0},"b":{"0":[0,0],"1":[0,0],"2":[0,0],"3":[0,0],"4":[0,0],"5":[0,0]},"_coverageSchema":"332fd63041d2c1bcb487cc26dd0d5f7d97098a6c","hash":"17b3fc0ed03e6ad3217e3cf6fcd6585c602e1b5f"}
,"/home/akilan/Desktop/employee/react-frontend/src/components/editEmployee/index.js": {"path":"/home/akilan/Desktop/employee/react-frontend/src/components/editEmployee/index.js","statementMap":{"0":{"start":{"line":9,"column":8},"end":{"line":9,"column":21}},"1":{"start":{"line":10,"column":8},"end":{"line":10,"column":69}},"2":{"start":{"line":11,"column":8},"end":{"line":11,"column":67}},"3":{"start":{"line":12,"column":8},"end":{"line":16,"column":10}},"4":{"start":{"line":21,"column":8},"end":{"line":25,"column":9}},"5":{"start":{"line":22,"column":12},"end":{"line":24,"column":15}},"6":{"start":{"line":26,"column":8},"end":{"line":26,"column":30}},"7":{"start":{"line":32,"column":8},"end":{"line":32,"column":27}},"8":{"start":{"line":36,"column":21},"end":{"line":36,"column":47}},"9":{"start":{"line":37,"column":18},"end":{"line":37,"column":67}},"10":{"start":{"line":39,"column":8},"end":{"line":66,"column":47}},"11":{"start":{"line":48,"column":16},"end":{"line":56,"column":17}},"12":{"start":{"line":49,"column":20},"end":{"line":49,"column":57}},"13":{"start":{"line":50,"column":20},"end":{"line":52,"column":23}},"14":{"start":{"line":53,"column":20},"end":{"line":53,"column":49}},"15":{"start":{"line":55,"column":20},"end":{"line":55,"column":43}},"16":{"start":{"line":59,"column":16},"end":{"line":59,"column":43}},"17":{"start":{"line":60,"column":16},"end":{"line":63,"column":19}},"18":{"start":{"line":64,"column":16},"end":{"line":64,"column":46}},"19":{"start":{"line":65,"column":16},"end":{"line":65,"column":52}},"20":{"start":{"line":66,"column":30},"end":{"line":66,"column":46}},"21":{"start":{"line":72,"column":22},"end":{"line":72,"column":45}},"22":{"start":{"line":73,"column":21},"end":{"line":73,"column":43}},"23":{"start":{"line":74,"column":23},"end":{"line":74,"column":47}},"24":{"start":{"line":75,"column":27},"end":{"line":75,"column":55}},"25":{"start":{"line":76,"column":23},"end":{"line":76,"column":47}},"26":{"start":{"line":77,"column":24},"end":{"line":77,"column":49}},"27":{"start":{"line":78,"column":22},"end":{"line":78,"column":45}},"28":{"start":{"line":80,"column":23},"end":{"line":88,"column":10}},"29":{"start":{"line":90,"column":8},"end":{"line":92,"column":10}},"30":{"start":{"line":98,"column":8},"end":{"line":98,"column":27}},"31":{"start":{"line":100,"column":22},"end":{"line":100,"column":45}},"32":{"start":{"line":101,"column":21},"end":{"line":101,"column":43}},"33":{"start":{"line":102,"column":23},"end":{"line":102,"column":47}},"34":{"start":{"line":103,"column":27},"end":{"line":103,"column":55}},"35":{"start":{"line":104,"column":23},"end":{"line":104,"column":47}},"36":{"start":{"line":105,"column":24},"end":{"line":105,"column":49}},"37":{"start":{"line":106,"column":22},"end":{"line":106,"column":45}},"38":{"start":{"line":108,"column":23},"end":{"line":116,"column":9}},"39":{"start":{"line":118,"column":8},"end":{"line":139,"column":14}},"40":{"start":{"line":127,"column":32},"end":{"line":127,"column":47}},"41":{"start":{"line":129,"column":16},"end":{"line":129,"column":33}},"42":{"start":{"line":130,"column":16},"end":{"line":138,"column":17}},"43":{"start":{"line":131,"column":20},"end":{"line":131,"column":42}},"44":{"start":{"line":132,"column":20},"end":{"line":134,"column":23}},"45":{"start":{"line":136,"column":20},"end":{"line":136,"column":43}},"46":{"start":{"line":137,"column":20},"end":{"line":137,"column":58}},"47":{"start":{"line":149,"column":8},"end":{"line":151,"column":9}},"48":{"start":{"line":150,"column":12},"end":{"line":150,"column":39}},"49":{"start":{"line":153,"column":8},"end":{"line":222,"column":9}},"50":{"start":{"line":166,"column":32},"end":{"line":211,"column":38}}},"fnMap":{"0":{"name":"(anonymous_0)","decl":{"start":{"line":8,"column":4},"end":{"line":8,"column":5}},"loc":{"start":{"line":8,"column":23},"end":{"line":17,"column":5}},"line":8},"1":{"name":"(anonymous_1)","decl":{"start":{"line":19,"column":4},"end":{"line":19,"column":5}},"loc":{"start":{"line":19,"column":25},"end":{"line":29,"column":5}},"line":19},"2":{"name":"(anonymous_2)","decl":{"start":{"line":31,"column":4},"end":{"line":31,"column":5}},"loc":{"start":{"line":31,"column":24},"end":{"line":33,"column":5}},"line":31},"3":{"name":"(anonymous_3)","decl":{"start":{"line":35,"column":4},"end":{"line":35,"column":5}},"loc":{"start":{"line":35,"column":18},"end":{"line":67,"column":5}},"line":35},"4":{"name":"(anonymous_4)","decl":{"start":{"line":47,"column":18},"end":{"line":47,"column":19}},"loc":{"start":{"line":47,"column":32},"end":{"line":57,"column":13}},"line":47},"5":{"name":"(anonymous_5)","decl":{"start":{"line":58,"column":18},"end":{"line":58,"column":19}},"loc":{"start":{"line":58,"column":28},"end":{"line":66,"column":13}},"line":58},"6":{"name":"(anonymous_6)","decl":{"start":{"line":66,"column":21},"end":{"line":66,"column":22}},"loc":{"start":{"line":66,"column":30},"end":{"line":66,"column":46}},"line":66},"7":{"name":"(anonymous_7)","decl":{"start":{"line":70,"column":4},"end":{"line":70,"column":5}},"loc":{"start":{"line":70,"column":24},"end":{"line":94,"column":5}},"line":70},"8":{"name":"(anonymous_8)","decl":{"start":{"line":97,"column":4},"end":{"line":97,"column":5}},"loc":{"start":{"line":97,"column":26},"end":{"line":140,"column":5}},"line":97},"9":{"name":"(anonymous_9)","decl":{"start":{"line":127,"column":18},"end":{"line":127,"column":19}},"loc":{"start":{"line":127,"column":32},"end":{"line":127,"column":47}},"line":127},"10":{"name":"(anonymous_10)","decl":{"start":{"line":128,"column":18},"end":{"line":128,"column":19}},"loc":{"start":{"line":128,"column":28},"end":{"line":139,"column":13}},"line":128},"11":{"name":"(anonymous_11)","decl":{"start":{"line":145,"column":4},"end":{"line":145,"column":5}},"loc":{"start":{"line":145,"column":13},"end":{"line":223,"column":5}},"line":145},"12":{"name":"(anonymous_12)","decl":{"start":{"line":164,"column":53},"end":{"line":164,"column":54}},"loc":{"start":{"line":166,"column":32},"end":{"line":211,"column":38}},"line":166}},"branchMap":{"0":{"loc":{"start":{"line":21,"column":8},"end":{"line":25,"column":9}},"type":"if","locations":[{"start":{"line":21,"column":8},"end":{"line":25,"column":9}},{"start":{"line":21,"column":8},"end":{"line":25,"column":9}}],"line":21},"1":{"loc":{"start":{"line":48,"column":16},"end":{"line":56,"column":17}},"type":"if","locations":[{"start":{"line":48,"column":16},"end":{"line":56,"column":17}},{"start":{"line":48,"column":16},"end":{"line":56,"column":17}}],"line":48},"2":{"loc":{"start":{"line":130,"column":16},"end":{"line":138,"column":17}},"type":"if","locations":[{"start":{"line":130,"column":16},"end":{"line":138,"column":17}},{"start":{"line":130,"column":16},"end":{"line":138,"column":17}}],"line":130},"3":{"loc":{"start":{"line":149,"column":8},"end":{"line":151,"column":9}},"type":"if","locations":[{"start":{"line":149,"column":8},"end":{"line":151,"column":9}},{"start":{"line":149,"column":8},"end":{"line":151,"column":9}}],"line":149},"4":{"loc":{"start":{"line":168,"column":37},"end":{"line":171,"column":51}},"type":"cond-expr","locations":[{"start":{"line":169,"column":40},"end":{"line":171,"column":46}},{"start":{"line":171,"column":49},"end":{"line":171,"column":51}}],"line":168}},"s":{"0":0,"1":0,"2":0,"3":0,"4":0,"5":0,"6":0,"7":0,"8":0,"9":0,"10":0,"11":0,"12":0,"13":0,"14":0,"15":0,"16":0,"17":0,"18":0,"19":0,"20":0,"21":0,"22":0,"23":0,"24":0,"25":0,"26":0,"27":0,"28":0,"29":0,"30":0,"31":0,"32":0,"33":0,"34":0,"35":0,"36":0,"37":0,"38":0,"39":0,"40":0,"41":0,"42":0,"43":0,"44":0,"45":0,"46":0,"47":0,"48":0,"49":0,"50":0},"f":{"0":0,"1":0,"2":0,"3":0,"4":0,"5":0,"6":0,"7":0,"8":0,"9":0,"10":0,"11":0,"12":0},"b":{"0":[0,0],"1":[0,0],"2":[0,0],"3":[0,0],"4":[0,0]},"_coverageSchema":"332fd63041d2c1bcb487cc26dd0d5f7d97098a6c","hash":"40724638859ef54ce7b619f930b2a93fc06c964b"}
,"/home/akilan/Desktop/employee/react-frontend/src/components/login/index.js": {"path":"/home/akilan/Desktop/employee/react-frontend/src/components/login/index.js","statementMap":{"0":{"start":{"line":8,"column":8},"end":{"line":8,"column":16}},"1":{"start":{"line":9,"column":8},"end":{"line":9,"column":55}},"2":{"start":{"line":10,"column":8},"end":{"line":13,"column":9}},"3":{"start":{"line":18,"column":8},"end":{"line":22,"column":9}},"4":{"start":{"line":19,"column":12},"end":{"line":21,"column":15}},"5":{"start":{"line":23,"column":8},"end":{"line":23,"column":30}},"6":{"start":{"line":27,"column":8},"end":{"line":27,"column":27}},"7":{"start":{"line":29,"column":24},"end":{"line":29,"column":49}},"8":{"start":{"line":31,"column":25},"end":{"line":34,"column":9}},"9":{"start":{"line":36,"column":8},"end":{"line":61,"column":14}},"10":{"start":{"line":44,"column":32},"end":{"line":44,"column":47}},"11":{"start":{"line":46,"column":16},"end":{"line":60,"column":17}},"12":{"start":{"line":47,"column":20},"end":{"line":49,"column":23}},"13":{"start":{"line":50,"column":23},"end":{"line":60,"column":17}},"14":{"start":{"line":51,"column":35},"end":{"line":54,"column":21}},"15":{"start":{"line":55,"column":20},"end":{"line":55,"column":83}},"16":{"start":{"line":56,"column":20},"end":{"line":59,"column":23}},"17":{"start":{"line":66,"column":8},"end":{"line":68,"column":9}},"18":{"start":{"line":67,"column":12},"end":{"line":67,"column":48}},"19":{"start":{"line":70,"column":8},"end":{"line":115,"column":9}}},"fnMap":{"0":{"name":"(anonymous_0)","decl":{"start":{"line":7,"column":4},"end":{"line":7,"column":5}},"loc":{"start":{"line":7,"column":18},"end":{"line":14,"column":5}},"line":7},"1":{"name":"(anonymous_1)","decl":{"start":{"line":16,"column":4},"end":{"line":16,"column":5}},"loc":{"start":{"line":16,"column":24},"end":{"line":24,"column":5}},"line":16},"2":{"name":"(anonymous_2)","decl":{"start":{"line":26,"column":4},"end":{"line":26,"column":5}},"loc":{"start":{"line":26,"column":19},"end":{"line":62,"column":5}},"line":26},"3":{"name":"(anonymous_3)","decl":{"start":{"line":44,"column":18},"end":{"line":44,"column":19}},"loc":{"start":{"line":44,"column":32},"end":{"line":44,"column":47}},"line":44},"4":{"name":"(anonymous_4)","decl":{"start":{"line":45,"column":18},"end":{"line":45,"column":19}},"loc":{"start":{"line":45,"column":28},"end":{"line":61,"column":13}},"line":45},"5":{"name":"(anonymous_5)","decl":{"start":{"line":64,"column":4},"end":{"line":64,"column":5}},"loc":{"start":{"line":64,"column":13},"end":{"line":116,"column":5}},"line":64}},"branchMap":{"0":{"loc":{"start":{"line":18,"column":8},"end":{"line":22,"column":9}},"type":"if","locations":[{"start":{"line":18,"column":8},"end":{"line":22,"column":9}},{"start":{"line":18,"column":8},"end":{"line":22,"column":9}}],"line":18},"1":{"loc":{"start":{"line":46,"column":16},"end":{"line":60,"column":17}},"type":"if","locations":[{"start":{"line":46,"column":16},"end":{"line":60,"column":17}},{"start":{"line":46,"column":16},"end":{"line":60,"column":17}}],"line":46},"2":{"loc":{"start":{"line":50,"column":23},"end":{"line":60,"column":17}},"type":"if","locations":[{"start":{"line":50,"column":23},"end":{"line":60,"column":17}},{"start":{"line":50,"column":23},"end":{"line":60,"column":17}}],"line":50},"3":{"loc":{"start":{"line":66,"column":8},"end":{"line":68,"column":9}},"type":"if","locations":[{"start":{"line":66,"column":8},"end":{"line":68,"column":9}},{"start":{"line":66,"column":8},"end":{"line":68,"column":9}}],"line":66},"4":{"loc":{"start":{"line":83,"column":33},"end":{"line":86,"column":47}},"type":"cond-expr","locations":[{"start":{"line":84,"column":36},"end":{"line":86,"column":42}},{"start":{"line":86,"column":45},"end":{"line":86,"column":47}}],"line":83}},"s":{"0":3,"1":3,"2":3,"3":3,"4":0,"5":3,"6":0,"7":0,"8":0,"9":0,"10":0,"11":0,"12":0,"13":0,"14":0,"15":0,"16":0,"17":3,"18":0,"19":3},"f":{"0":3,"1":3,"2":0,"3":0,"4":0,"5":3},"b":{"0":[0,3],"1":[0,0],"2":[0,0],"3":[0,3],"4":[0,3]},"_coverageSchema":"332fd63041d2c1bcb487cc26dd0d5f7d97098a6c","hash":"a99049b2898b7245c5b99e75452c54e2f100b82c"}
,"/home/akilan/Desktop/employee/react-frontend/src/components/logout/index.js": {"path":"/home/akilan/Desktop/employee/react-frontend/src/components/logout/index.js","statementMap":{"0":{"start":{"line":7,"column":8},"end":{"line":7,"column":46}},"1":{"start":{"line":11,"column":8},"end":{"line":11,"column":35}}},"fnMap":{"0":{"name":"(anonymous_0)","decl":{"start":{"line":6,"column":4},"end":{"line":6,"column":5}},"loc":{"start":{"line":6,"column":24},"end":{"line":8,"column":5}},"line":6},"1":{"name":"(anonymous_1)","decl":{"start":{"line":10,"column":4},"end":{"line":10,"column":5}},"loc":{"start":{"line":10,"column":13},"end":{"line":12,"column":5}},"line":10}},"branchMap":{},"s":{"0":0,"1":0},"f":{"0":0,"1":0},"b":{},"_coverageSchema":"332fd63041d2c1bcb487cc26dd0d5f7d97098a6c","hash":"6775fe6d3a6d45755e30a8bfa4058fd96be49b2d"}
}
