{"/home/akilan/Desktop/employee/react-frontend/src/App.js": {"path":"/home/akilan/Desktop/employee/react-frontend/src/App.js","statementMap":{"0":{"start":{"line":12,"column":4},"end":{"line":24,"column":6}}},"fnMap":{"0":{"name":"(anonymous_0)","decl":{"start":{"line":11,"column":2},"end":{"line":11,"column":3}},"loc":{"start":{"line":11,"column":11},"end":{"line":25,"column":3}},"line":11}},"branchMap":{},"s":{"0":1},"f":{"0":1},"b":{},"_coverageSchema":"332fd63041d2c1bcb487cc26dd0d5f7d97098a6c","hash":"3e9c1527d8e4a48a46ed485345f899458c80d0f9"}
,"/home/akilan/Desktop/employee/react-frontend/src/index.js": {"path":"/home/akilan/Desktop/employee/react-frontend/src/index.js","statementMap":{"0":{"start":{"line":1,"column":32},"end":{"line":1,"column":91}},"1":{"start":{"line":1,"column":105},"end":{"line":1,"column":121}},"2":{"start":{"line":1,"column":136},"end":{"line":1,"column":166}},"3":{"start":{"line":2,"column":16},"end":{"line":2,"column":36}},"4":{"start":{"line":2,"column":54},"end":{"line":2,"column":87}},"5":{"start":{"line":3,"column":0},"end":{"line":3,"column":23}},"6":{"start":{"line":4,"column":11},"end":{"line":4,"column":27}},"7":{"start":{"line":4,"column":40},"end":{"line":4,"column":68}},"8":{"start":{"line":5,"column":29},"end":{"line":5,"column":63}},"9":{"start":{"line":5,"column":94},"end":{"line":5,"column":140}},"10":{"start":{"line":5,"column":179},"end":{"line":5,"column":233}},"11":{"start":{"line":7,"column":0},"end":{"line":7,"column":181}},"12":{"start":{"line":8,"column":0},"end":{"line":8,"column":39}}},"fnMap":{"0":{"name":"_interopRequireDefault","decl":{"start":{"line":5,"column":150},"end":{"line":5,"column":172}},"loc":{"start":{"line":5,"column":178},"end":{"line":5,"column":234}},"line":5}},"branchMap":{"0":{"loc":{"start":{"line":5,"column":186},"end":{"line":5,"column":232}},"type":"cond-expr","locations":[{"start":{"line":5,"column":210},"end":{"line":5,"column":213}},{"start":{"line":5,"column":216},"end":{"line":5,"column":232}}],"line":5},"1":{"loc":{"start":{"line":5,"column":186},"end":{"line":5,"column":207}},"type":"binary-expr","locations":[{"start":{"line":5,"column":186},"end":{"line":5,"column":189}},{"start":{"line":5,"column":193},"end":{"line":5,"column":207}}],"line":5}},"s":{"0":0,"1":0,"2":0,"3":0,"4":0,"5":0,"6":0,"7":0,"8":0,"9":0,"10":0,"11":0,"12":0},"f":{"0":0},"b":{"0":[0,0],"1":[0,0]}}
,"/home/akilan/Desktop/employee/react-frontend/src/registerServiceWorker.js": {"path":"/home/akilan/Desktop/employee/react-frontend/src/registerServiceWorker.js","statementMap":{"0":{"start":{"line":1,"column":13},"end":{"line":1,"column":75}},"1":{"start":{"line":1,"column":75},"end":{"line":21,"column":9}},"2":{"start":{"line":21,"column":9},"end":{"line":111,"column":24}},"3":{"start":{"line":118,"column":20},"end":{"line":120,"column":89}},"4":{"start":{"line":120,"column":111},"end":{"line":128,"column":36}},"5":{"start":{"line":121,"column":22},"end":{"line":121,"column":70}},"6":{"start":{"line":121,"column":71},"end":{"line":124,"column":14}},"7":{"start":{"line":124,"column":6},"end":{"line":124,"column":13}},"8":{"start":{"line":124,"column":14},"end":{"line":128,"column":35}},"9":{"start":{"line":124,"column":67},"end":{"line":124,"column":112}},"10":{"start":{"line":124,"column":113},"end":{"line":128,"column":32}},"11":{"start":{"line":125,"column":8},"end":{"line":125,"column":39}},"12":{"start":{"line":127,"column":8},"end":{"line":127,"column":178}},"13":{"start":{"line":127,"column":50},"end":{"line":127,"column":175}},"14":{"start":{"line":128,"column":8},"end":{"line":128,"column":31}},"15":{"start":{"line":128,"column":70},"end":{"line":135,"column":156}},"16":{"start":{"line":128,"column":132},"end":{"line":135,"column":68}},"17":{"start":{"line":128,"column":193},"end":{"line":128,"column":216}},"18":{"start":{"line":128,"column":217},"end":{"line":135,"column":66}},"19":{"start":{"line":128,"column":257},"end":{"line":135,"column":64}},"20":{"start":{"line":128,"column":302},"end":{"line":135,"column":63}},"21":{"start":{"line":132,"column":12},"end":{"line":132,"column":69}},"22":{"start":{"line":135,"column":12},"end":{"line":135,"column":62}},"23":{"start":{"line":135,"column":87},"end":{"line":135,"column":153}},"24":{"start":{"line":136,"column":2},"end":{"line":139,"column":126}},"25":{"start":{"line":137,"column":4},"end":{"line":139,"column":30}},"26":{"start":{"line":138,"column":6},"end":{"line":138,"column":127}},"27":{"start":{"line":138,"column":58},"end":{"line":138,"column":124}},"28":{"start":{"line":138,"column":96},"end":{"line":138,"column":121}},"29":{"start":{"line":139,"column":6},"end":{"line":139,"column":29}},"30":{"start":{"line":139,"column":46},"end":{"line":139,"column":123}},"31":{"start":{"line":139,"column":150},"end":{"line":139,"column":267}},"32":{"start":{"line":139,"column":185},"end":{"line":139,"column":266}},"33":{"start":{"line":139,"column":237},"end":{"line":139,"column":263}}},"fnMap":{"0":{"name":"register","decl":{"start":{"line":120,"column":99},"end":{"line":120,"column":107}},"loc":{"start":{"line":120,"column":110},"end":{"line":128,"column":37}},"line":120},"1":{"name":"(anonymous_1)","decl":{"start":{"line":124,"column":46},"end":{"line":124,"column":47}},"loc":{"start":{"line":124,"column":52},"end":{"line":128,"column":33}},"line":124},"2":{"name":"(anonymous_2)","decl":{"start":{"line":127,"column":43},"end":{"line":127,"column":44}},"loc":{"start":{"line":127,"column":49},"end":{"line":127,"column":176}},"line":127},"3":{"name":"registerValidSW","decl":{"start":{"line":128,"column":46},"end":{"line":128,"column":61}},"loc":{"start":{"line":128,"column":69},"end":{"line":135,"column":157}},"line":128},"4":{"name":"(anonymous_4)","decl":{"start":{"line":128,"column":115},"end":{"line":128,"column":116}},"loc":{"start":{"line":128,"column":131},"end":{"line":135,"column":69}},"line":128},"5":{"name":"(anonymous_5)","decl":{"start":{"line":128,"column":161},"end":{"line":128,"column":162}},"loc":{"start":{"line":128,"column":167},"end":{"line":135,"column":67}},"line":128},"6":{"name":"(anonymous_6)","decl":{"start":{"line":128,"column":250},"end":{"line":128,"column":251}},"loc":{"start":{"line":128,"column":256},"end":{"line":135,"column":65}},"line":128},"7":{"name":"(anonymous_7)","decl":{"start":{"line":135,"column":77},"end":{"line":135,"column":78}},"loc":{"start":{"line":135,"column":86},"end":{"line":135,"column":154}},"line":135},"8":{"name":"checkValidServiceWorker","decl":{"start":{"line":135,"column":166},"end":{"line":135,"column":189}},"loc":{"start":{"line":135,"column":197},"end":{"line":139,"column":127}},"line":135},"9":{"name":"(anonymous_9)","decl":{"start":{"line":136,"column":20},"end":{"line":136,"column":21}},"loc":{"start":{"line":136,"column":32},"end":{"line":139,"column":31}},"line":136},"10":{"name":"(anonymous_10)","decl":{"start":{"line":138,"column":41},"end":{"line":138,"column":42}},"loc":{"start":{"line":138,"column":57},"end":{"line":138,"column":125}},"line":138},"11":{"name":"(anonymous_11)","decl":{"start":{"line":138,"column":89},"end":{"line":138,"column":90}},"loc":{"start":{"line":138,"column":95},"end":{"line":138,"column":122}},"line":138},"12":{"name":"(anonymous_12)","decl":{"start":{"line":139,"column":39},"end":{"line":139,"column":40}},"loc":{"start":{"line":139,"column":45},"end":{"line":139,"column":124}},"line":139},"13":{"name":"unregister","decl":{"start":{"line":139,"column":136},"end":{"line":139,"column":146}},"loc":{"start":{"line":139,"column":149},"end":{"line":139,"column":268}},"line":139},"14":{"name":"(anonymous_14)","decl":{"start":{"line":139,"column":220},"end":{"line":139,"column":221}},"loc":{"start":{"line":139,"column":236},"end":{"line":139,"column":264}},"line":139}},"branchMap":{"0":{"loc":{"start":{"line":118,"column":28},"end":{"line":120,"column":88}},"type":"binary-expr","locations":[{"start":{"line":118,"column":28},"end":{"line":118,"column":68}},{"start":{"line":119,"column":0},"end":{"line":119,"column":36}},{"start":{"line":120,"column":0},"end":{"line":120,"column":88}}],"line":118},"1":{"loc":{"start":{"line":120,"column":111},"end":{"line":128,"column":36}},"type":"if","locations":[{"start":{"line":120,"column":111},"end":{"line":128,"column":36}},{"start":{"line":120,"column":111},"end":{"line":128,"column":36}}],"line":120},"2":{"loc":{"start":{"line":120,"column":115},"end":{"line":120,"column":184}},"type":"binary-expr","locations":[{"start":{"line":120,"column":115},"end":{"line":120,"column":152}},{"start":{"line":120,"column":156},"end":{"line":120,"column":184}}],"line":120},"3":{"loc":{"start":{"line":121,"column":71},"end":{"line":124,"column":14}},"type":"if","locations":[{"start":{"line":121,"column":71},"end":{"line":124,"column":14}},{"start":{"line":121,"column":71},"end":{"line":124,"column":14}}],"line":121},"4":{"loc":{"start":{"line":124,"column":113},"end":{"line":128,"column":32}},"type":"if","locations":[{"start":{"line":124,"column":113},"end":{"line":128,"column":32}},{"start":{"line":124,"column":113},"end":{"line":128,"column":32}}],"line":124},"5":{"loc":{"start":{"line":128,"column":257},"end":{"line":135,"column":64}},"type":"if","locations":[{"start":{"line":128,"column":257},"end":{"line":135,"column":64}},{"start":{"line":128,"column":257},"end":{"line":135,"column":64}}],"line":128},"6":{"loc":{"start":{"line":128,"column":302},"end":{"line":135,"column":63}},"type":"if","locations":[{"start":{"line":128,"column":302},"end":{"line":135,"column":63}},{"start":{"line":128,"column":302},"end":{"line":135,"column":63}}],"line":128},"7":{"loc":{"start":{"line":137,"column":4},"end":{"line":139,"column":30}},"type":"if","locations":[{"start":{"line":137,"column":4},"end":{"line":139,"column":30}},{"start":{"line":137,"column":4},"end":{"line":139,"column":30}}],"line":137},"8":{"loc":{"start":{"line":137,"column":8},"end":{"line":137,"column":100}},"type":"binary-expr","locations":[{"start":{"line":137,"column":8},"end":{"line":137,"column":31}},{"start":{"line":137,"column":35},"end":{"line":137,"column":100}}],"line":137},"9":{"loc":{"start":{"line":139,"column":150},"end":{"line":139,"column":267}},"type":"if","locations":[{"start":{"line":139,"column":150},"end":{"line":139,"column":267}},{"start":{"line":139,"column":150},"end":{"line":139,"column":267}}],"line":139}},"s":{"0":0,"1":0,"2":0,"3":0,"4":0,"5":0,"6":0,"7":0,"8":0,"9":0,"10":0,"11":0,"12":0,"13":0,"14":0,"15":0,"16":0,"17":0,"18":0,"19":0,"20":0,"21":0,"22":0,"23":0,"24":0,"25":0,"26":0,"27":0,"28":0,"29":0,"30":0,"31":0,"32":0,"33":0},"f":{"0":0,"1":0,"2":0,"3":0,"4":0,"5":0,"6":0,"7":0,"8":0,"9":0,"10":0,"11":0,"12":0,"13":0,"14":0},"b":{"0":[0,0,0],"1":[0,0],"2":[0,0],"3":[0,0],"4":[0,0],"5":[0,0],"6":[0,0],"7":[0,0],"8":[0,0],"9":[0,0]}}
,"/home/akilan/Desktop/employee/react-frontend/src/setupTests.js": {"path":"/home/akilan/Desktop/employee/react-frontend/src/setupTests.js","statementMap":{"0":{"start":{"line":3,"column":6},"end":{"line":3,"column":21}},"1":{"start":{"line":7,"column":6},"end":{"line":7,"column":21}},"2":{"start":{"line":11,"column":6},"end":{"line":11,"column":36}},"3":{"start":{"line":15,"column":6},"end":{"line":15,"column":29}},"4":{"start":{"line":19,"column":6},"end":{"line":19,"column":28}},"5":{"start":{"line":23,"column":0},"end":{"line":23,"column":42}}},"fnMap":{"0":{"name":"(anonymous_0)","decl":{"start":{"line":2,"column":4},"end":{"line":2,"column":5}},"loc":{"start":{"line":2,"column":18},"end":{"line":4,"column":5}},"line":2},"1":{"name":"(anonymous_1)","decl":{"start":{"line":6,"column":4},"end":{"line":6,"column":5}},"loc":{"start":{"line":6,"column":12},"end":{"line":8,"column":5}},"line":6},"2":{"name":"(anonymous_2)","decl":{"start":{"line":10,"column":4},"end":{"line":10,"column":5}},"loc":{"start":{"line":10,"column":17},"end":{"line":12,"column":5}},"line":10},"3":{"name":"(anonymous_3)","decl":{"start":{"line":14,"column":4},"end":{"line":14,"column":5}},"loc":{"start":{"line":14,"column":24},"end":{"line":16,"column":5}},"line":14},"4":{"name":"(anonymous_4)","decl":{"start":{"line":18,"column":4},"end":{"line":18,"column":5}},"loc":{"start":{"line":18,"column":20},"end":{"line":20,"column":5}},"line":18}},"branchMap":{"0":{"loc":{"start":{"line":11,"column":13},"end":{"line":11,"column":36}},"type":"binary-expr","locations":[{"start":{"line":11,"column":13},"end":{"line":11,"column":28}},{"start":{"line":11,"column":32},"end":{"line":11,"column":36}}],"line":11}},"s":{"0":1,"1":0,"2":2,"3":0,"4":0,"5":1},"f":{"0":1,"1":0,"2":2,"3":0,"4":0},"b":{"0":[2,2]},"_coverageSchema":"332fd63041d2c1bcb487cc26dd0d5f7d97098a6c","hash":"4865f73fdbefa17f69ff9e95da6f022c2a265172"}
,"/home/akilan/Desktop/employee/react-frontend/src/components/addEmployee/index.js": {"path":"/home/akilan/Desktop/employee/react-frontend/src/components/addEmployee/index.js","statementMap":{"0":{"start":{"line":9,"column":8},"end":{"line":9,"column":21}},"1":{"start":{"line":10,"column":8},"end":{"line":10,"column":67}},"2":{"start":{"line":11,"column":8},"end":{"line":14,"column":10}},"3":{"start":{"line":19,"column":8},"end":{"line":23,"column":9}},"4":{"start":{"line":20,"column":12},"end":{"line":22,"column":15}},"5":{"start":{"line":28,"column":8},"end":{"line":28,"column":27}},"6":{"start":{"line":30,"column":21},"end":{"line":30,"column":43}},"7":{"start":{"line":31,"column":23},"end":{"line":31,"column":47}},"8":{"start":{"line":32,"column":27},"end":{"line":32,"column":55}},"9":{"start":{"line":33,"column":23},"end":{"line":33,"column":47}},"10":{"start":{"line":34,"column":24},"end":{"line":34,"column":49}},"11":{"start":{"line":35,"column":22},"end":{"line":35,"column":45}},"12":{"start":{"line":37,"column":23},"end":{"line":44,"column":9}},"13":{"start":{"line":46,"column":8},"end":{"line":67,"column":14}},"14":{"start":{"line":55,"column":32},"end":{"line":55,"column":47}},"15":{"start":{"line":57,"column":16},"end":{"line":57,"column":33}},"16":{"start":{"line":58,"column":16},"end":{"line":66,"column":17}},"17":{"start":{"line":59,"column":20},"end":{"line":59,"column":42}},"18":{"start":{"line":60,"column":20},"end":{"line":62,"column":23}},"19":{"start":{"line":64,"column":20},"end":{"line":64,"column":43}},"20":{"start":{"line":65,"column":20},"end":{"line":65,"column":58}},"21":{"start":{"line":75,"column":8},"end":{"line":77,"column":9}},"22":{"start":{"line":76,"column":12},"end":{"line":76,"column":39}},"23":{"start":{"line":79,"column":8},"end":{"line":145,"column":9}}},"fnMap":{"0":{"name":"(anonymous_0)","decl":{"start":{"line":8,"column":4},"end":{"line":8,"column":5}},"loc":{"start":{"line":8,"column":23},"end":{"line":15,"column":5}},"line":8},"1":{"name":"(anonymous_1)","decl":{"start":{"line":17,"column":4},"end":{"line":17,"column":5}},"loc":{"start":{"line":17,"column":25},"end":{"line":25,"column":5}},"line":17},"2":{"name":"(anonymous_2)","decl":{"start":{"line":27,"column":4},"end":{"line":27,"column":5}},"loc":{"start":{"line":27,"column":24},"end":{"line":68,"column":5}},"line":27},"3":{"name":"(anonymous_3)","decl":{"start":{"line":55,"column":18},"end":{"line":55,"column":19}},"loc":{"start":{"line":55,"column":32},"end":{"line":55,"column":47}},"line":55},"4":{"name":"(anonymous_4)","decl":{"start":{"line":56,"column":18},"end":{"line":56,"column":19}},"loc":{"start":{"line":56,"column":28},"end":{"line":67,"column":13}},"line":56},"5":{"name":"(anonymous_5)","decl":{"start":{"line":73,"column":4},"end":{"line":73,"column":5}},"loc":{"start":{"line":73,"column":13},"end":{"line":146,"column":5}},"line":73}},"branchMap":{"0":{"loc":{"start":{"line":19,"column":8},"end":{"line":23,"column":9}},"type":"if","locations":[{"start":{"line":19,"column":8},"end":{"line":23,"column":9}},{"start":{"line":19,"column":8},"end":{"line":23,"column":9}}],"line":19},"1":{"loc":{"start":{"line":58,"column":16},"end":{"line":66,"column":17}},"type":"if","locations":[{"start":{"line":58,"column":16},"end":{"line":66,"column":17}},{"start":{"line":58,"column":16},"end":{"line":66,"column":17}}],"line":58},"2":{"loc":{"start":{"line":75,"column":8},"end":{"line":77,"column":9}},"type":"if","locations":[{"start":{"line":75,"column":8},"end":{"line":77,"column":9}},{"start":{"line":75,"column":8},"end":{"line":77,"column":9}}],"line":75},"3":{"loc":{"start":{"line":92,"column":33},"end":{"line":95,"column":47}},"type":"cond-expr","locations":[{"start":{"line":93,"column":36},"end":{"line":95,"column":42}},{"start":{"line":95,"column":45},"end":{"line":95,"column":47}}],"line":92}},"s":{"0":0,"1":0,"2":0,"3":0,"4":0,"5":0,"6":0,"7":0,"8":0,"9":0,"10":0,"11":0,"12":0,"13":0,"14":0,"15":0,"16":0,"17":0,"18":0,"19":0,"20":0,"21":0,"22":0,"23":0},"f":{"0":0,"1":0,"2":0,"3":0,"4":0,"5":0},"b":{"0":[0,0],"1":[0,0],"2":[0,0],"3":[0,0]},"_coverageSchema":"332fd63041d2c1bcb487cc26dd0d5f7d97098a6c","hash":"b907680104604f5c9955226fe7519e99fc20bc15"}
,"/home/akilan/Desktop/employee/react-frontend/src/components/auth/index.js": {"path":"/home/akilan/Desktop/employee/react-frontend/src/components/auth/index.js","statementMap":{"0":{"start":{"line":4,"column":25},"end":{"line":4,"column":71}},"1":{"start":{"line":5,"column":8},"end":{"line":9,"column":9}},"2":{"start":{"line":6,"column":12},"end":{"line":6,"column":25}},"3":{"start":{"line":8,"column":12},"end":{"line":8,"column":24}},"4":{"start":{"line":14,"column":25},"end":{"line":14,"column":71}},"5":{"start":{"line":15,"column":8},"end":{"line":19,"column":11}},"6":{"start":{"line":16,"column":12},"end":{"line":16,"column":25}},"7":{"start":{"line":18,"column":12},"end":{"line":18,"column":36}},"8":{"start":{"line":23,"column":0},"end":{"line":23,"column":21}}},"fnMap":{"0":{"name":"(anonymous_0)","decl":{"start":{"line":3,"column":29},"end":{"line":3,"column":30}},"loc":{"start":{"line":3,"column":35},"end":{"line":10,"column":5}},"line":3},"1":{"name":"(anonymous_1)","decl":{"start":{"line":13,"column":22},"end":{"line":13,"column":23}},"loc":{"start":{"line":13,"column":28},"end":{"line":20,"column":5}},"line":13}},"branchMap":{"0":{"loc":{"start":{"line":5,"column":8},"end":{"line":9,"column":9}},"type":"if","locations":[{"start":{"line":5,"column":8},"end":{"line":9,"column":9}},{"start":{"line":5,"column":8},"end":{"line":9,"column":9}}],"line":5},"1":{"loc":{"start":{"line":15,"column":8},"end":{"line":19,"column":11}},"type":"if","locations":[{"start":{"line":15,"column":8},"end":{"line":19,"column":11}},{"start":{"line":15,"column":8},"end":{"line":19,"column":11}}],"line":15}},"s":{"0":0,"1":0,"2":0,"3":0,"4":0,"5":0,"6":0,"7":0,"8":1},"f":{"0":0,"1":0},"b":{"0":[0,0],"1":[0,0]},"_coverageSchema":"332fd63041d2c1bcb487cc26dd0d5f7d97098a6c","hash":"140196951b8c3b29e7e5cc2eb5e56f20e8dfa9e1"}
,"/home/akilan/Desktop/employee/react-frontend/src/components/dashboard/index.js": {"path":"/home/akilan/Desktop/employee/react-frontend/src/components/dashboard/index.js","statementMap":{"0":{"start":{"line":32,"column":4},"end":{"line":32,"column":17}},"1":{"start":{"line":33,"column":4},"end":{"line":37,"column":6}},"2":{"start":{"line":42,"column":4},"end":{"line":46,"column":5}},"3":{"start":{"line":43,"column":6},"end":{"line":45,"column":9}},"4":{"start":{"line":51,"column":4},"end":{"line":51,"column":24}},"5":{"start":{"line":56,"column":16},"end":{"line":56,"column":64}},"6":{"start":{"line":59,"column":6},"end":{"line":86,"column":43}},"7":{"start":{"line":68,"column":10},"end":{"line":76,"column":11}},"8":{"start":{"line":69,"column":12},"end":{"line":69,"column":49}},"9":{"start":{"line":70,"column":12},"end":{"line":72,"column":15}},"10":{"start":{"line":73,"column":12},"end":{"line":73,"column":41}},"11":{"start":{"line":75,"column":12},"end":{"line":75,"column":35}},"12":{"start":{"line":79,"column":10},"end":{"line":85,"column":11}},"13":{"start":{"line":80,"column":12},"end":{"line":82,"column":14}},"14":{"start":{"line":84,"column":12},"end":{"line":84,"column":32}},"15":{"start":{"line":86,"column":26},"end":{"line":86,"column":42}},"16":{"start":{"line":90,"column":4},"end":{"line":115,"column":41}},"17":{"start":{"line":99,"column":8},"end":{"line":107,"column":9}},"18":{"start":{"line":100,"column":10},"end":{"line":100,"column":47}},"19":{"start":{"line":101,"column":10},"end":{"line":103,"column":13}},"20":{"start":{"line":104,"column":10},"end":{"line":104,"column":39}},"21":{"start":{"line":106,"column":10},"end":{"line":106,"column":33}},"22":{"start":{"line":110,"column":8},"end":{"line":110,"column":36}},"23":{"start":{"line":111,"column":8},"end":{"line":114,"column":11}},"24":{"start":{"line":115,"column":24},"end":{"line":115,"column":40}},"25":{"start":{"line":121,"column":4},"end":{"line":123,"column":5}},"26":{"start":{"line":122,"column":6},"end":{"line":122,"column":33}},"27":{"start":{"line":125,"column":4},"end":{"line":166,"column":5}},"28":{"start":{"line":151,"column":14},"end":{"line":160,"column":19}},"29":{"start":{"line":158,"column":81},"end":{"line":158,"column":104}}},"fnMap":{"0":{"name":"(anonymous_0)","decl":{"start":{"line":31,"column":2},"end":{"line":31,"column":3}},"loc":{"start":{"line":31,"column":21},"end":{"line":38,"column":3}},"line":31},"1":{"name":"(anonymous_1)","decl":{"start":{"line":40,"column":2},"end":{"line":40,"column":3}},"loc":{"start":{"line":40,"column":23},"end":{"line":48,"column":3}},"line":40},"2":{"name":"(anonymous_2)","decl":{"start":{"line":50,"column":2},"end":{"line":50,"column":3}},"loc":{"start":{"line":50,"column":22},"end":{"line":52,"column":3}},"line":50},"3":{"name":"(anonymous_3)","decl":{"start":{"line":54,"column":2},"end":{"line":54,"column":3}},"loc":{"start":{"line":54,"column":15},"end":{"line":87,"column":3}},"line":54},"4":{"name":"(anonymous_4)","decl":{"start":{"line":67,"column":14},"end":{"line":67,"column":15}},"loc":{"start":{"line":67,"column":28},"end":{"line":77,"column":9}},"line":67},"5":{"name":"(anonymous_5)","decl":{"start":{"line":78,"column":14},"end":{"line":78,"column":15}},"loc":{"start":{"line":78,"column":24},"end":{"line":86,"column":9}},"line":78},"6":{"name":"(anonymous_6)","decl":{"start":{"line":86,"column":17},"end":{"line":86,"column":18}},"loc":{"start":{"line":86,"column":26},"end":{"line":86,"column":42}},"line":86},"7":{"name":"(anonymous_7)","decl":{"start":{"line":89,"column":2},"end":{"line":89,"column":3}},"loc":{"start":{"line":89,"column":17},"end":{"line":116,"column":3}},"line":89},"8":{"name":"(anonymous_8)","decl":{"start":{"line":98,"column":12},"end":{"line":98,"column":13}},"loc":{"start":{"line":98,"column":26},"end":{"line":108,"column":7}},"line":98},"9":{"name":"(anonymous_9)","decl":{"start":{"line":109,"column":12},"end":{"line":109,"column":13}},"loc":{"start":{"line":109,"column":22},"end":{"line":115,"column":7}},"line":109},"10":{"name":"(anonymous_10)","decl":{"start":{"line":115,"column":15},"end":{"line":115,"column":16}},"loc":{"start":{"line":115,"column":24},"end":{"line":115,"column":40}},"line":115},"11":{"name":"(anonymous_11)","decl":{"start":{"line":119,"column":2},"end":{"line":119,"column":3}},"loc":{"start":{"line":119,"column":11},"end":{"line":167,"column":3}},"line":119},"12":{"name":"(anonymous_12)","decl":{"start":{"line":150,"column":38},"end":{"line":150,"column":39}},"loc":{"start":{"line":151,"column":14},"end":{"line":160,"column":19}},"line":151},"13":{"name":"(anonymous_13)","decl":{"start":{"line":158,"column":76},"end":{"line":158,"column":77}},"loc":{"start":{"line":158,"column":81},"end":{"line":158,"column":104}},"line":158}},"branchMap":{"0":{"loc":{"start":{"line":42,"column":4},"end":{"line":46,"column":5}},"type":"if","locations":[{"start":{"line":42,"column":4},"end":{"line":46,"column":5}},{"start":{"line":42,"column":4},"end":{"line":46,"column":5}}],"line":42},"1":{"loc":{"start":{"line":68,"column":10},"end":{"line":76,"column":11}},"type":"if","locations":[{"start":{"line":68,"column":10},"end":{"line":76,"column":11}},{"start":{"line":68,"column":10},"end":{"line":76,"column":11}}],"line":68},"2":{"loc":{"start":{"line":79,"column":10},"end":{"line":85,"column":11}},"type":"if","locations":[{"start":{"line":79,"column":10},"end":{"line":85,"column":11}},{"start":{"line":79,"column":10},"end":{"line":85,"column":11}}],"line":79},"3":{"loc":{"start":{"line":99,"column":8},"end":{"line":107,"column":9}},"type":"if","locations":[{"start":{"line":99,"column":8},"end":{"line":107,"column":9}},{"start":{"line":99,"column":8},"end":{"line":107,"column":9}}],"line":99},"4":{"loc":{"start":{"line":121,"column":4},"end":{"line":123,"column":5}},"type":"if","locations":[{"start":{"line":121,"column":4},"end":{"line":123,"column":5}},{"start":{"line":121,"column":4},"end":{"line":123,"column":5}}],"line":121},"5":{"loc":{"start":{"line":132,"column":9},"end":{"line":135,"column":21}},"type":"cond-expr","locations":[{"start":{"line":133,"column":10},"end":{"line":135,"column":16}},{"start":{"line":135,"column":19},"end":{"line":135,"column":21}}],"line":132}},"s":{"0":0,"1":0,"2":0,"3":0,"4":0,"5":0,"6":0,"7":0,"8":0,"9":0,"10":0,"11":0,"12":0,"13":0,"14":0,"15":0,"16":0,"17":0,"18":0,"19":0,"20":0,"21":0,"22":0,"23":0,"24":0,"25":0,"26":0,"27":0,"28":0,"29":0},"f":{"0":0,"1":0,"2":0,"3":0,"4":0,"5":0,"6":0,"7":0,"8":0,"9":0,"10":0,"11":0,"12":0,"13":0},"b":{"0":[0,0],"1":[0,0],"2":[0,0],"3":[0,0],"4":[0,0],"5":[0,0]},"_coverageSchema":"332fd63041d2c1bcb487cc26dd0d5f7d97098a6c","hash":"1a42ef16727144efa5176ad5586e1808c1c1b93f"}
,"/home/akilan/Desktop/employee/react-frontend/src/components/editEmployee/index.js": {"path":"/home/akilan/Desktop/employee/react-frontend/src/components/editEmployee/index.js","statementMap":{"0":{"start":{"line":9,"column":8},"end":{"line":9,"column":21}},"1":{"start":{"line":10,"column":8},"end":{"line":10,"column":69}},"2":{"start":{"line":11,"column":8},"end":{"line":11,"column":67}},"3":{"start":{"line":12,"column":8},"end":{"line":16,"column":10}},"4":{"start":{"line":21,"column":8},"end":{"line":25,"column":9}},"5":{"start":{"line":22,"column":12},"end":{"line":24,"column":15}},"6":{"start":{"line":31,"column":8},"end":{"line":31,"column":27}},"7":{"start":{"line":35,"column":21},"end":{"line":35,"column":47}},"8":{"start":{"line":36,"column":18},"end":{"line":36,"column":67}},"9":{"start":{"line":38,"column":8},"end":{"line":65,"column":47}},"10":{"start":{"line":47,"column":16},"end":{"line":55,"column":17}},"11":{"start":{"line":48,"column":20},"end":{"line":48,"column":57}},"12":{"start":{"line":49,"column":20},"end":{"line":51,"column":23}},"13":{"start":{"line":52,"column":20},"end":{"line":52,"column":49}},"14":{"start":{"line":54,"column":20},"end":{"line":54,"column":43}},"15":{"start":{"line":58,"column":16},"end":{"line":58,"column":43}},"16":{"start":{"line":59,"column":16},"end":{"line":62,"column":19}},"17":{"start":{"line":63,"column":16},"end":{"line":63,"column":46}},"18":{"start":{"line":64,"column":16},"end":{"line":64,"column":52}},"19":{"start":{"line":65,"column":30},"end":{"line":65,"column":46}},"20":{"start":{"line":71,"column":22},"end":{"line":71,"column":45}},"21":{"start":{"line":72,"column":21},"end":{"line":72,"column":43}},"22":{"start":{"line":73,"column":23},"end":{"line":73,"column":47}},"23":{"start":{"line":74,"column":27},"end":{"line":74,"column":55}},"24":{"start":{"line":75,"column":23},"end":{"line":75,"column":47}},"25":{"start":{"line":76,"column":24},"end":{"line":76,"column":49}},"26":{"start":{"line":77,"column":22},"end":{"line":77,"column":45}},"27":{"start":{"line":79,"column":23},"end":{"line":87,"column":10}},"28":{"start":{"line":89,"column":8},"end":{"line":91,"column":10}},"29":{"start":{"line":97,"column":8},"end":{"line":97,"column":27}},"30":{"start":{"line":99,"column":22},"end":{"line":99,"column":45}},"31":{"start":{"line":100,"column":21},"end":{"line":100,"column":43}},"32":{"start":{"line":101,"column":23},"end":{"line":101,"column":47}},"33":{"start":{"line":102,"column":27},"end":{"line":102,"column":55}},"34":{"start":{"line":103,"column":23},"end":{"line":103,"column":47}},"35":{"start":{"line":104,"column":24},"end":{"line":104,"column":49}},"36":{"start":{"line":105,"column":22},"end":{"line":105,"column":45}},"37":{"start":{"line":107,"column":23},"end":{"line":115,"column":9}},"38":{"start":{"line":117,"column":8},"end":{"line":138,"column":14}},"39":{"start":{"line":126,"column":32},"end":{"line":126,"column":47}},"40":{"start":{"line":128,"column":16},"end":{"line":128,"column":33}},"41":{"start":{"line":129,"column":16},"end":{"line":137,"column":17}},"42":{"start":{"line":130,"column":20},"end":{"line":130,"column":42}},"43":{"start":{"line":131,"column":20},"end":{"line":133,"column":23}},"44":{"start":{"line":135,"column":20},"end":{"line":135,"column":43}},"45":{"start":{"line":136,"column":20},"end":{"line":136,"column":58}},"46":{"start":{"line":148,"column":8},"end":{"line":150,"column":9}},"47":{"start":{"line":149,"column":12},"end":{"line":149,"column":39}},"48":{"start":{"line":152,"column":8},"end":{"line":221,"column":9}},"49":{"start":{"line":165,"column":32},"end":{"line":210,"column":38}}},"fnMap":{"0":{"name":"(anonymous_0)","decl":{"start":{"line":8,"column":4},"end":{"line":8,"column":5}},"loc":{"start":{"line":8,"column":23},"end":{"line":17,"column":5}},"line":8},"1":{"name":"(anonymous_1)","decl":{"start":{"line":19,"column":4},"end":{"line":19,"column":5}},"loc":{"start":{"line":19,"column":25},"end":{"line":28,"column":5}},"line":19},"2":{"name":"(anonymous_2)","decl":{"start":{"line":30,"column":4},"end":{"line":30,"column":5}},"loc":{"start":{"line":30,"column":24},"end":{"line":32,"column":5}},"line":30},"3":{"name":"(anonymous_3)","decl":{"start":{"line":34,"column":4},"end":{"line":34,"column":5}},"loc":{"start":{"line":34,"column":18},"end":{"line":66,"column":5}},"line":34},"4":{"name":"(anonymous_4)","decl":{"start":{"line":46,"column":18},"end":{"line":46,"column":19}},"loc":{"start":{"line":46,"column":32},"end":{"line":56,"column":13}},"line":46},"5":{"name":"(anonymous_5)","decl":{"start":{"line":57,"column":18},"end":{"line":57,"column":19}},"loc":{"start":{"line":57,"column":28},"end":{"line":65,"column":13}},"line":57},"6":{"name":"(anonymous_6)","decl":{"start":{"line":65,"column":21},"end":{"line":65,"column":22}},"loc":{"start":{"line":65,"column":30},"end":{"line":65,"column":46}},"line":65},"7":{"name":"(anonymous_7)","decl":{"start":{"line":69,"column":4},"end":{"line":69,"column":5}},"loc":{"start":{"line":69,"column":24},"end":{"line":93,"column":5}},"line":69},"8":{"name":"(anonymous_8)","decl":{"start":{"line":96,"column":4},"end":{"line":96,"column":5}},"loc":{"start":{"line":96,"column":26},"end":{"line":139,"column":5}},"line":96},"9":{"name":"(anonymous_9)","decl":{"start":{"line":126,"column":18},"end":{"line":126,"column":19}},"loc":{"start":{"line":126,"column":32},"end":{"line":126,"column":47}},"line":126},"10":{"name":"(anonymous_10)","decl":{"start":{"line":127,"column":18},"end":{"line":127,"column":19}},"loc":{"start":{"line":127,"column":28},"end":{"line":138,"column":13}},"line":127},"11":{"name":"(anonymous_11)","decl":{"start":{"line":144,"column":4},"end":{"line":144,"column":5}},"loc":{"start":{"line":144,"column":13},"end":{"line":222,"column":5}},"line":144},"12":{"name":"(anonymous_12)","decl":{"start":{"line":163,"column":53},"end":{"line":163,"column":54}},"loc":{"start":{"line":165,"column":32},"end":{"line":210,"column":38}},"line":165}},"branchMap":{"0":{"loc":{"start":{"line":21,"column":8},"end":{"line":25,"column":9}},"type":"if","locations":[{"start":{"line":21,"column":8},"end":{"line":25,"column":9}},{"start":{"line":21,"column":8},"end":{"line":25,"column":9}}],"line":21},"1":{"loc":{"start":{"line":47,"column":16},"end":{"line":55,"column":17}},"type":"if","locations":[{"start":{"line":47,"column":16},"end":{"line":55,"column":17}},{"start":{"line":47,"column":16},"end":{"line":55,"column":17}}],"line":47},"2":{"loc":{"start":{"line":129,"column":16},"end":{"line":137,"column":17}},"type":"if","locations":[{"start":{"line":129,"column":16},"end":{"line":137,"column":17}},{"start":{"line":129,"column":16},"end":{"line":137,"column":17}}],"line":129},"3":{"loc":{"start":{"line":148,"column":8},"end":{"line":150,"column":9}},"type":"if","locations":[{"start":{"line":148,"column":8},"end":{"line":150,"column":9}},{"start":{"line":148,"column":8},"end":{"line":150,"column":9}}],"line":148},"4":{"loc":{"start":{"line":167,"column":37},"end":{"line":170,"column":51}},"type":"cond-expr","locations":[{"start":{"line":168,"column":40},"end":{"line":170,"column":46}},{"start":{"line":170,"column":49},"end":{"line":170,"column":51}}],"line":167}},"s":{"0":0,"1":0,"2":0,"3":0,"4":0,"5":0,"6":0,"7":0,"8":0,"9":0,"10":0,"11":0,"12":0,"13":0,"14":0,"15":0,"16":0,"17":0,"18":0,"19":0,"20":0,"21":0,"22":0,"23":0,"24":0,"25":0,"26":0,"27":0,"28":0,"29":0,"30":0,"31":0,"32":0,"33":0,"34":0,"35":0,"36":0,"37":0,"38":0,"39":0,"40":0,"41":0,"42":0,"43":0,"44":0,"45":0,"46":0,"47":0,"48":0,"49":0},"f":{"0":0,"1":0,"2":0,"3":0,"4":0,"5":0,"6":0,"7":0,"8":0,"9":0,"10":0,"11":0,"12":0},"b":{"0":[0,0],"1":[0,0],"2":[0,0],"3":[0,0],"4":[0,0]},"_coverageSchema":"332fd63041d2c1bcb487cc26dd0d5f7d97098a6c","hash":"5312921e7f0fcd175e38d474504fadab898a34fc"}
,"/home/akilan/Desktop/employee/react-frontend/src/components/login/index.js": {"path":"/home/akilan/Desktop/employee/react-frontend/src/components/login/index.js","statementMap":{"0":{"start":{"line":8,"column":8},"end":{"line":8,"column":16}},"1":{"start":{"line":9,"column":8},"end":{"line":9,"column":55}},"2":{"start":{"line":10,"column":8},"end":{"line":13,"column":9}},"3":{"start":{"line":17,"column":8},"end":{"line":17,"column":56}},"4":{"start":{"line":18,"column":8},"end":{"line":22,"column":9}},"5":{"start":{"line":19,"column":12},"end":{"line":21,"column":15}},"6":{"start":{"line":26,"column":8},"end":{"line":26,"column":27}},"7":{"start":{"line":28,"column":24},"end":{"line":28,"column":49}},"8":{"start":{"line":30,"column":25},"end":{"line":33,"column":9}},"9":{"start":{"line":35,"column":8},"end":{"line":60,"column":14}},"10":{"start":{"line":43,"column":32},"end":{"line":43,"column":47}},"11":{"start":{"line":45,"column":16},"end":{"line":59,"column":17}},"12":{"start":{"line":46,"column":20},"end":{"line":48,"column":23}},"13":{"start":{"line":49,"column":23},"end":{"line":59,"column":17}},"14":{"start":{"line":50,"column":35},"end":{"line":53,"column":21}},"15":{"start":{"line":54,"column":20},"end":{"line":54,"column":83}},"16":{"start":{"line":55,"column":20},"end":{"line":58,"column":23}},"17":{"start":{"line":65,"column":8},"end":{"line":67,"column":9}},"18":{"start":{"line":66,"column":12},"end":{"line":66,"column":48}},"19":{"start":{"line":69,"column":8},"end":{"line":114,"column":9}}},"fnMap":{"0":{"name":"(anonymous_0)","decl":{"start":{"line":7,"column":4},"end":{"line":7,"column":5}},"loc":{"start":{"line":7,"column":18},"end":{"line":14,"column":5}},"line":7},"1":{"name":"(anonymous_1)","decl":{"start":{"line":16,"column":4},"end":{"line":16,"column":5}},"loc":{"start":{"line":16,"column":24},"end":{"line":23,"column":5}},"line":16},"2":{"name":"(anonymous_2)","decl":{"start":{"line":25,"column":4},"end":{"line":25,"column":5}},"loc":{"start":{"line":25,"column":19},"end":{"line":61,"column":5}},"line":25},"3":{"name":"(anonymous_3)","decl":{"start":{"line":43,"column":18},"end":{"line":43,"column":19}},"loc":{"start":{"line":43,"column":32},"end":{"line":43,"column":47}},"line":43},"4":{"name":"(anonymous_4)","decl":{"start":{"line":44,"column":18},"end":{"line":44,"column":19}},"loc":{"start":{"line":44,"column":28},"end":{"line":60,"column":13}},"line":44},"5":{"name":"(anonymous_5)","decl":{"start":{"line":63,"column":4},"end":{"line":63,"column":5}},"loc":{"start":{"line":63,"column":13},"end":{"line":115,"column":5}},"line":63}},"branchMap":{"0":{"loc":{"start":{"line":18,"column":8},"end":{"line":22,"column":9}},"type":"if","locations":[{"start":{"line":18,"column":8},"end":{"line":22,"column":9}},{"start":{"line":18,"column":8},"end":{"line":22,"column":9}}],"line":18},"1":{"loc":{"start":{"line":45,"column":16},"end":{"line":59,"column":17}},"type":"if","locations":[{"start":{"line":45,"column":16},"end":{"line":59,"column":17}},{"start":{"line":45,"column":16},"end":{"line":59,"column":17}}],"line":45},"2":{"loc":{"start":{"line":49,"column":23},"end":{"line":59,"column":17}},"type":"if","locations":[{"start":{"line":49,"column":23},"end":{"line":59,"column":17}},{"start":{"line":49,"column":23},"end":{"line":59,"column":17}}],"line":49},"3":{"loc":{"start":{"line":65,"column":8},"end":{"line":67,"column":9}},"type":"if","locations":[{"start":{"line":65,"column":8},"end":{"line":67,"column":9}},{"start":{"line":65,"column":8},"end":{"line":67,"column":9}}],"line":65},"4":{"loc":{"start":{"line":82,"column":33},"end":{"line":85,"column":47}},"type":"cond-expr","locations":[{"start":{"line":83,"column":36},"end":{"line":85,"column":42}},{"start":{"line":85,"column":45},"end":{"line":85,"column":47}}],"line":82}},"s":{"0":1,"1":1,"2":1,"3":1,"4":1,"5":0,"6":0,"7":0,"8":0,"9":0,"10":0,"11":0,"12":0,"13":0,"14":0,"15":0,"16":0,"17":1,"18":0,"19":1},"f":{"0":1,"1":1,"2":0,"3":0,"4":0,"5":1},"b":{"0":[0,1],"1":[0,0],"2":[0,0],"3":[0,1],"4":[0,1]},"_coverageSchema":"332fd63041d2c1bcb487cc26dd0d5f7d97098a6c","hash":"82f0ddda8881119a83712f294eb87926a194e06d"}
,"/home/akilan/Desktop/employee/react-frontend/src/components/logout/index.js": {"path":"/home/akilan/Desktop/employee/react-frontend/src/components/logout/index.js","statementMap":{"0":{"start":{"line":7,"column":8},"end":{"line":7,"column":46}},"1":{"start":{"line":11,"column":8},"end":{"line":11,"column":35}}},"fnMap":{"0":{"name":"(anonymous_0)","decl":{"start":{"line":6,"column":4},"end":{"line":6,"column":5}},"loc":{"start":{"line":6,"column":24},"end":{"line":8,"column":5}},"line":6},"1":{"name":"(anonymous_1)","decl":{"start":{"line":10,"column":4},"end":{"line":10,"column":5}},"loc":{"start":{"line":10,"column":13},"end":{"line":12,"column":5}},"line":10}},"branchMap":{},"s":{"0":0,"1":0},"f":{"0":0,"1":0},"b":{},"_coverageSchema":"332fd63041d2c1bcb487cc26dd0d5f7d97098a6c","hash":"6775fe6d3a6d45755e30a8bfa4058fd96be49b2d"}
}
