TN:
SF:/home/akilan/Desktop/employee/react-frontend/src/App.js
FN:11,(anonymous_0)
FNF:1
FNH:1
FNDA:2,(anonymous_0)
DA:12,2
LF:1
LH:1
BRF:0
BRH:0
end_of_record
TN:
SF:/home/akilan/Desktop/employee/react-frontend/src/index.js
FN:5,_interopRequireDefault
FNF:1
FNH:0
FNDA:0,_interopRequireDefault
DA:1,0
DA:2,0
DA:3,0
DA:4,0
DA:5,0
DA:7,0
DA:8,0
LF:7
LH:0
BRDA:5,0,0,0
BRDA:5,0,1,0
BRDA:5,1,0,0
BRDA:5,1,1,0
BRF:4
BRH:0
end_of_record
TN:
SF:/home/akilan/Desktop/employee/react-frontend/src/registerServiceWorker.js
FN:120,register
FN:124,(anonymous_1)
FN:127,(anonymous_2)
FN:128,registerValidSW
FN:128,(anonymous_4)
FN:128,(anonymous_5)
FN:128,(anonymous_6)
FN:135,(anonymous_7)
FN:135,checkValidServiceWorker
FN:136,(anonymous_9)
FN:138,(anonymous_10)
FN:138,(anonymous_11)
FN:139,(anonymous_12)
FN:139,unregister
FN:139,(anonymous_14)
FNF:15
FNH:0
FNDA:0,register
FNDA:0,(anonymous_1)
FNDA:0,(anonymous_2)
FNDA:0,registerValidSW
FNDA:0,(anonymous_4)
FNDA:0,(anonymous_5)
FNDA:0,(anonymous_6)
FNDA:0,(anonymous_7)
FNDA:0,checkValidServiceWorker
FNDA:0,(anonymous_9)
FNDA:0,(anonymous_10)
FNDA:0,(anonymous_11)
FNDA:0,(anonymous_12)
FNDA:0,unregister
FNDA:0,(anonymous_14)
DA:1,0
DA:21,0
DA:118,0
DA:120,0
DA:121,0
DA:124,0
DA:125,0
DA:127,0
DA:128,0
DA:132,0
DA:135,0
DA:136,0
DA:137,0
DA:138,0
DA:139,0
LF:15
LH:0
BRDA:118,0,0,0
BRDA:118,0,1,0
BRDA:118,0,2,0
BRDA:120,1,0,0
BRDA:120,1,1,0
BRDA:120,2,0,0
BRDA:120,2,1,0
BRDA:121,3,0,0
BRDA:121,3,1,0
BRDA:124,4,0,0
BRDA:124,4,1,0
BRDA:128,5,0,0
BRDA:128,5,1,0
BRDA:128,6,0,0
BRDA:128,6,1,0
BRDA:137,7,0,0
BRDA:137,7,1,0
BRDA:137,8,0,0
BRDA:137,8,1,0
BRDA:139,9,0,0
BRDA:139,9,1,0
BRF:21
BRH:0
end_of_record
TN:
SF:/home/akilan/Desktop/employee/react-frontend/src/setupTests.js
FN:20,(anonymous_0)
FN:24,(anonymous_1)
FN:28,(anonymous_2)
FN:32,(anonymous_3)
FN:36,(anonymous_4)
FN:52,(anonymous_5)
FNF:6
FNH:3
FNDA:3,(anonymous_0)
FNDA:0,(anonymous_1)
FNDA:3,(anonymous_2)
FNDA:0,(anonymous_3)
FNDA:0,(anonymous_4)
FNDA:3,(anonymous_5)
DA:5,3
DA:8,3
DA:21,3
DA:25,0
DA:29,3
DA:33,0
DA:37,0
DA:41,3
DA:50,3
DA:51,3
DA:52,3
LF:11
LH:8
BRDA:29,0,0,3
BRDA:29,0,1,3
BRF:2
BRH:2
end_of_record
TN:
SF:/home/akilan/Desktop/employee/react-frontend/src/components/addEmployee/index.js
FN:8,(anonymous_0)
FN:17,(anonymous_1)
FN:28,(anonymous_2)
FN:56,(anonymous_3)
FN:57,(anonymous_4)
FN:74,(anonymous_5)
FNF:6
FNH:0
FNDA:0,(anonymous_0)
FNDA:0,(anonymous_1)
FNDA:0,(anonymous_2)
FNDA:0,(anonymous_3)
FNDA:0,(anonymous_4)
FNDA:0,(anonymous_5)
DA:9,0
DA:10,0
DA:11,0
DA:19,0
DA:20,0
DA:24,0
DA:29,0
DA:31,0
DA:32,0
DA:33,0
DA:34,0
DA:35,0
DA:36,0
DA:38,0
DA:47,0
DA:56,0
DA:58,0
DA:59,0
DA:60,0
DA:61,0
DA:65,0
DA:66,0
DA:76,0
DA:77,0
DA:80,0
LF:25
LH:0
BRDA:19,0,0,0
BRDA:19,0,1,0
BRDA:59,1,0,0
BRDA:59,1,1,0
BRDA:76,2,0,0
BRDA:76,2,1,0
BRDA:93,3,0,0
BRDA:93,3,1,0
BRF:8
BRH:0
end_of_record
TN:
SF:/home/akilan/Desktop/employee/react-frontend/src/components/auth/index.js
FN:3,(anonymous_0)
FN:13,(anonymous_1)
FNF:2
FNH:1
FNDA:2,(anonymous_0)
FNDA:0,(anonymous_1)
DA:4,2
DA:5,0
DA:6,0
DA:8,0
DA:14,0
DA:15,0
DA:16,0
DA:18,0
DA:23,2
LF:9
LH:2
BRDA:5,0,0,0
BRDA:5,0,1,0
BRDA:15,1,0,0
BRDA:15,1,1,0
BRF:4
BRH:0
end_of_record
TN:
SF:/home/akilan/Desktop/employee/react-frontend/src/components/dashboard/index.js
FN:31,(anonymous_0)
FN:40,(anonymous_1)
FN:51,(anonymous_2)
FN:55,(anonymous_3)
FN:68,(anonymous_4)
FN:79,(anonymous_5)
FN:87,(anonymous_6)
FN:90,(anonymous_7)
FN:99,(anonymous_8)
FN:110,(anonymous_9)
FN:116,(anonymous_10)
FN:120,(anonymous_11)
FN:151,(anonymous_12)
FN:159,(anonymous_13)
FNF:14
FNH:2
FNDA:2,(anonymous_0)
FNDA:2,(anonymous_1)
FNDA:0,(anonymous_2)
FNDA:0,(anonymous_3)
FNDA:0,(anonymous_4)
FNDA:0,(anonymous_5)
FNDA:0,(anonymous_6)
FNDA:0,(anonymous_7)
FNDA:0,(anonymous_8)
FNDA:0,(anonymous_9)
FNDA:0,(anonymous_10)
FNDA:0,(anonymous_11)
FNDA:0,(anonymous_12)
FNDA:0,(anonymous_13)
DA:32,2
DA:33,2
DA:42,2
DA:43,0
DA:47,0
DA:52,0
DA:57,0
DA:60,0
DA:69,0
DA:70,0
DA:71,0
DA:74,0
DA:76,0
DA:80,0
DA:81,0
DA:85,0
DA:87,0
DA:91,0
DA:100,0
DA:101,0
DA:102,0
DA:105,0
DA:107,0
DA:111,0
DA:112,0
DA:116,0
DA:122,0
DA:123,0
DA:126,0
DA:152,0
DA:159,0
LF:31
LH:3
BRDA:42,0,0,0
BRDA:42,0,1,0
BRDA:69,1,0,0
BRDA:69,1,1,0
BRDA:80,2,0,0
BRDA:80,2,1,0
BRDA:100,3,0,0
BRDA:100,3,1,0
BRDA:122,4,0,0
BRDA:122,4,1,0
BRDA:133,5,0,0
BRDA:133,5,1,0
BRF:12
BRH:0
end_of_record
TN:
SF:/home/akilan/Desktop/employee/react-frontend/src/components/editEmployee/index.js
FN:8,(anonymous_0)
FN:19,(anonymous_1)
FN:31,(anonymous_2)
FN:35,(anonymous_3)
FN:47,(anonymous_4)
FN:58,(anonymous_5)
FN:66,(anonymous_6)
FN:70,(anonymous_7)
FN:97,(anonymous_8)
FN:127,(anonymous_9)
FN:128,(anonymous_10)
FN:145,(anonymous_11)
FN:164,(anonymous_12)
FNF:13
FNH:0
FNDA:0,(anonymous_0)
FNDA:0,(anonymous_1)
FNDA:0,(anonymous_2)
FNDA:0,(anonymous_3)
FNDA:0,(anonymous_4)
FNDA:0,(anonymous_5)
FNDA:0,(anonymous_6)
FNDA:0,(anonymous_7)
FNDA:0,(anonymous_8)
FNDA:0,(anonymous_9)
FNDA:0,(anonymous_10)
FNDA:0,(anonymous_11)
FNDA:0,(anonymous_12)
DA:9,0
DA:10,0
DA:11,0
DA:12,0
DA:21,0
DA:22,0
DA:26,0
DA:32,0
DA:36,0
DA:37,0
DA:39,0
DA:48,0
DA:49,0
DA:50,0
DA:53,0
DA:55,0
DA:59,0
DA:60,0
DA:64,0
DA:65,0
DA:66,0
DA:72,0
DA:73,0
DA:74,0
DA:75,0
DA:76,0
DA:77,0
DA:78,0
DA:80,0
DA:90,0
DA:98,0
DA:100,0
DA:101,0
DA:102,0
DA:103,0
DA:104,0
DA:105,0
DA:106,0
DA:108,0
DA:118,0
DA:127,0
DA:129,0
DA:130,0
DA:131,0
DA:132,0
DA:136,0
DA:137,0
DA:149,0
DA:150,0
DA:153,0
DA:166,0
LF:51
LH:0
BRDA:21,0,0,0
BRDA:21,0,1,0
BRDA:48,1,0,0
BRDA:48,1,1,0
BRDA:130,2,0,0
BRDA:130,2,1,0
BRDA:149,3,0,0
BRDA:149,3,1,0
BRDA:168,4,0,0
BRDA:168,4,1,0
BRF:10
BRH:0
end_of_record
TN:
SF:/home/akilan/Desktop/employee/react-frontend/src/components/login/index.js
FN:7,(anonymous_0)
FN:16,(anonymous_1)
FN:26,(anonymous_2)
FN:44,(anonymous_3)
FN:45,(anonymous_4)
FN:64,(anonymous_5)
FNF:6
FNH:3
FNDA:3,(anonymous_0)
FNDA:3,(anonymous_1)
FNDA:0,(anonymous_2)
FNDA:0,(anonymous_3)
FNDA:0,(anonymous_4)
FNDA:3,(anonymous_5)
DA:8,3
DA:9,3
DA:10,3
DA:18,3
DA:19,0
DA:23,3
DA:27,0
DA:29,0
DA:31,0
DA:36,0
DA:44,0
DA:46,0
DA:47,0
DA:50,0
DA:51,0
DA:55,0
DA:56,0
DA:66,3
DA:67,0
DA:70,3
LF:20
LH:7
BRDA:18,0,0,0
BRDA:18,0,1,3
BRDA:46,1,0,0
BRDA:46,1,1,0
BRDA:50,2,0,0
BRDA:50,2,1,0
BRDA:66,3,0,0
BRDA:66,3,1,3
BRDA:83,4,0,0
BRDA:83,4,1,3
BRF:10
BRH:3
end_of_record
TN:
SF:/home/akilan/Desktop/employee/react-frontend/src/components/logout/index.js
FN:6,(anonymous_0)
FN:10,(anonymous_1)
FNF:2
FNH:0
FNDA:0,(anonymous_0)
FNDA:0,(anonymous_1)
DA:7,0
DA:11,0
LF:2
LH:0
BRF:0
BRH:0
end_of_record
