TN:
SF:/home/akilan/Desktop/employee/react-frontend/src/App.js
FN:11,(anonymous_0)
FNF:1
FNH:1
FNDA:1,(anonymous_0)
DA:12,1
LF:1
LH:1
BRF:0
BRH:0
end_of_record
TN:
SF:/home/akilan/Desktop/employee/react-frontend/src/index.js
FN:5,_interopRequireDefault
FNF:1
FNH:0
FNDA:0,_interopRequireDefault
DA:1,0
DA:2,0
DA:3,0
DA:4,0
DA:5,0
DA:7,0
DA:8,0
LF:7
LH:0
BRDA:5,0,0,0
BRDA:5,0,1,0
BRDA:5,1,0,0
BRDA:5,1,1,0
BRF:4
BRH:0
end_of_record
TN:
SF:/home/akilan/Desktop/employee/react-frontend/src/registerServiceWorker.js
FN:120,register
FN:124,(anonymous_1)
FN:127,(anonymous_2)
FN:128,registerValidSW
FN:128,(anonymous_4)
FN:128,(anonymous_5)
FN:128,(anonymous_6)
FN:135,(anonymous_7)
FN:135,checkValidServiceWorker
FN:136,(anonymous_9)
FN:138,(anonymous_10)
FN:138,(anonymous_11)
FN:139,(anonymous_12)
FN:139,unregister
FN:139,(anonymous_14)
FNF:15
FNH:0
FNDA:0,register
FNDA:0,(anonymous_1)
FNDA:0,(anonymous_2)
FNDA:0,registerValidSW
FNDA:0,(anonymous_4)
FNDA:0,(anonymous_5)
FNDA:0,(anonymous_6)
FNDA:0,(anonymous_7)
FNDA:0,checkValidServiceWorker
FNDA:0,(anonymous_9)
FNDA:0,(anonymous_10)
FNDA:0,(anonymous_11)
FNDA:0,(anonymous_12)
FNDA:0,unregister
FNDA:0,(anonymous_14)
DA:1,0
DA:21,0
DA:118,0
DA:120,0
DA:121,0
DA:124,0
DA:125,0
DA:127,0
DA:128,0
DA:132,0
DA:135,0
DA:136,0
DA:137,0
DA:138,0
DA:139,0
LF:15
LH:0
BRDA:118,0,0,0
BRDA:118,0,1,0
BRDA:118,0,2,0
BRDA:120,1,0,0
BRDA:120,1,1,0
BRDA:120,2,0,0
BRDA:120,2,1,0
BRDA:121,3,0,0
BRDA:121,3,1,0
BRDA:124,4,0,0
BRDA:124,4,1,0
BRDA:128,5,0,0
BRDA:128,5,1,0
BRDA:128,6,0,0
BRDA:128,6,1,0
BRDA:137,7,0,0
BRDA:137,7,1,0
BRDA:137,8,0,0
BRDA:137,8,1,0
BRDA:139,9,0,0
BRDA:139,9,1,0
BRF:21
BRH:0
end_of_record
TN:
SF:/home/akilan/Desktop/employee/react-frontend/src/setupTests.js
FN:2,(anonymous_0)
FN:6,(anonymous_1)
FN:10,(anonymous_2)
FN:14,(anonymous_3)
FN:18,(anonymous_4)
FNF:5
FNH:2
FNDA:1,(anonymous_0)
FNDA:0,(anonymous_1)
FNDA:2,(anonymous_2)
FNDA:0,(anonymous_3)
FNDA:0,(anonymous_4)
DA:3,1
DA:7,0
DA:11,2
DA:15,0
DA:19,0
DA:23,1
LF:6
LH:3
BRDA:11,0,0,2
BRDA:11,0,1,2
BRF:2
BRH:2
end_of_record
TN:
SF:/home/akilan/Desktop/employee/react-frontend/src/components/addEmployee/index.js
FN:8,(anonymous_0)
FN:17,(anonymous_1)
FN:27,(anonymous_2)
FN:55,(anonymous_3)
FN:56,(anonymous_4)
FN:73,(anonymous_5)
FNF:6
FNH:0
FNDA:0,(anonymous_0)
FNDA:0,(anonymous_1)
FNDA:0,(anonymous_2)
FNDA:0,(anonymous_3)
FNDA:0,(anonymous_4)
FNDA:0,(anonymous_5)
DA:9,0
DA:10,0
DA:11,0
DA:19,0
DA:20,0
DA:28,0
DA:30,0
DA:31,0
DA:32,0
DA:33,0
DA:34,0
DA:35,0
DA:37,0
DA:46,0
DA:55,0
DA:57,0
DA:58,0
DA:59,0
DA:60,0
DA:64,0
DA:65,0
DA:75,0
DA:76,0
DA:79,0
LF:24
LH:0
BRDA:19,0,0,0
BRDA:19,0,1,0
BRDA:58,1,0,0
BRDA:58,1,1,0
BRDA:75,2,0,0
BRDA:75,2,1,0
BRDA:92,3,0,0
BRDA:92,3,1,0
BRF:8
BRH:0
end_of_record
TN:
SF:/home/akilan/Desktop/employee/react-frontend/src/components/auth/index.js
FN:3,(anonymous_0)
FN:13,(anonymous_1)
FNF:2
FNH:0
FNDA:0,(anonymous_0)
FNDA:0,(anonymous_1)
DA:4,0
DA:5,0
DA:6,0
DA:8,0
DA:14,0
DA:15,0
DA:16,0
DA:18,0
DA:23,1
LF:9
LH:1
BRDA:5,0,0,0
BRDA:5,0,1,0
BRDA:15,1,0,0
BRDA:15,1,1,0
BRF:4
BRH:0
end_of_record
TN:
SF:/home/akilan/Desktop/employee/react-frontend/src/components/dashboard/index.js
FN:31,(anonymous_0)
FN:40,(anonymous_1)
FN:50,(anonymous_2)
FN:54,(anonymous_3)
FN:67,(anonymous_4)
FN:78,(anonymous_5)
FN:86,(anonymous_6)
FN:89,(anonymous_7)
FN:98,(anonymous_8)
FN:109,(anonymous_9)
FN:115,(anonymous_10)
FN:119,(anonymous_11)
FN:150,(anonymous_12)
FN:158,(anonymous_13)
FNF:14
FNH:0
FNDA:0,(anonymous_0)
FNDA:0,(anonymous_1)
FNDA:0,(anonymous_2)
FNDA:0,(anonymous_3)
FNDA:0,(anonymous_4)
FNDA:0,(anonymous_5)
FNDA:0,(anonymous_6)
FNDA:0,(anonymous_7)
FNDA:0,(anonymous_8)
FNDA:0,(anonymous_9)
FNDA:0,(anonymous_10)
FNDA:0,(anonymous_11)
FNDA:0,(anonymous_12)
FNDA:0,(anonymous_13)
DA:32,0
DA:33,0
DA:42,0
DA:43,0
DA:51,0
DA:56,0
DA:59,0
DA:68,0
DA:69,0
DA:70,0
DA:73,0
DA:75,0
DA:79,0
DA:80,0
DA:84,0
DA:86,0
DA:90,0
DA:99,0
DA:100,0
DA:101,0
DA:104,0
DA:106,0
DA:110,0
DA:111,0
DA:115,0
DA:121,0
DA:122,0
DA:125,0
DA:151,0
DA:158,0
LF:30
LH:0
BRDA:42,0,0,0
BRDA:42,0,1,0
BRDA:68,1,0,0
BRDA:68,1,1,0
BRDA:79,2,0,0
BRDA:79,2,1,0
BRDA:99,3,0,0
BRDA:99,3,1,0
BRDA:121,4,0,0
BRDA:121,4,1,0
BRDA:132,5,0,0
BRDA:132,5,1,0
BRF:12
BRH:0
end_of_record
TN:
SF:/home/akilan/Desktop/employee/react-frontend/src/components/editEmployee/index.js
FN:8,(anonymous_0)
FN:19,(anonymous_1)
FN:30,(anonymous_2)
FN:34,(anonymous_3)
FN:46,(anonymous_4)
FN:57,(anonymous_5)
FN:65,(anonymous_6)
FN:69,(anonymous_7)
FN:96,(anonymous_8)
FN:126,(anonymous_9)
FN:127,(anonymous_10)
FN:144,(anonymous_11)
FN:163,(anonymous_12)
FNF:13
FNH:0
FNDA:0,(anonymous_0)
FNDA:0,(anonymous_1)
FNDA:0,(anonymous_2)
FNDA:0,(anonymous_3)
FNDA:0,(anonymous_4)
FNDA:0,(anonymous_5)
FNDA:0,(anonymous_6)
FNDA:0,(anonymous_7)
FNDA:0,(anonymous_8)
FNDA:0,(anonymous_9)
FNDA:0,(anonymous_10)
FNDA:0,(anonymous_11)
FNDA:0,(anonymous_12)
DA:9,0
DA:10,0
DA:11,0
DA:12,0
DA:21,0
DA:22,0
DA:31,0
DA:35,0
DA:36,0
DA:38,0
DA:47,0
DA:48,0
DA:49,0
DA:52,0
DA:54,0
DA:58,0
DA:59,0
DA:63,0
DA:64,0
DA:65,0
DA:71,0
DA:72,0
DA:73,0
DA:74,0
DA:75,0
DA:76,0
DA:77,0
DA:79,0
DA:89,0
DA:97,0
DA:99,0
DA:100,0
DA:101,0
DA:102,0
DA:103,0
DA:104,0
DA:105,0
DA:107,0
DA:117,0
DA:126,0
DA:128,0
DA:129,0
DA:130,0
DA:131,0
DA:135,0
DA:136,0
DA:148,0
DA:149,0
DA:152,0
DA:165,0
LF:50
LH:0
BRDA:21,0,0,0
BRDA:21,0,1,0
BRDA:47,1,0,0
BRDA:47,1,1,0
BRDA:129,2,0,0
BRDA:129,2,1,0
BRDA:148,3,0,0
BRDA:148,3,1,0
BRDA:167,4,0,0
BRDA:167,4,1,0
BRF:10
BRH:0
end_of_record
TN:
SF:/home/akilan/Desktop/employee/react-frontend/src/components/login/index.js
FN:7,(anonymous_0)
FN:16,(anonymous_1)
FN:25,(anonymous_2)
FN:43,(anonymous_3)
FN:44,(anonymous_4)
FN:63,(anonymous_5)
FNF:6
FNH:3
FNDA:1,(anonymous_0)
FNDA:1,(anonymous_1)
FNDA:0,(anonymous_2)
FNDA:0,(anonymous_3)
FNDA:0,(anonymous_4)
FNDA:1,(anonymous_5)
DA:8,1
DA:9,1
DA:10,1
DA:17,1
DA:18,1
DA:19,0
DA:26,0
DA:28,0
DA:30,0
DA:35,0
DA:43,0
DA:45,0
DA:46,0
DA:49,0
DA:50,0
DA:54,0
DA:55,0
DA:65,1
DA:66,0
DA:69,1
LF:20
LH:7
BRDA:18,0,0,0
BRDA:18,0,1,1
BRDA:45,1,0,0
BRDA:45,1,1,0
BRDA:49,2,0,0
BRDA:49,2,1,0
BRDA:65,3,0,0
BRDA:65,3,1,1
BRDA:82,4,0,0
BRDA:82,4,1,1
BRF:10
BRH:3
end_of_record
TN:
SF:/home/akilan/Desktop/employee/react-frontend/src/components/logout/index.js
FN:6,(anonymous_0)
FN:10,(anonymous_1)
FNF:2
FNH:0
FNDA:0,(anonymous_0)
FNDA:0,(anonymous_1)
DA:7,0
DA:11,0
LF:2
LH:0
BRF:0
BRH:0
end_of_record
